{"C:\\Users\\WIN 10\\Documents\\Software Project\\Pacify-BackEnd-Doaa\\Pacify-BackEnd-Doaa\\controller\\auth.js":{"path":"C:\\Users\\WIN 10\\Documents\\Software Project\\Pacify-BackEnd-Doaa\\Pacify-BackEnd-Doaa\\controller\\auth.js","statementMap":{"0":{"start":{"line":12,"column":17},"end":{"line":12,"column":37}},"1":{"start":{"line":17,"column":12},"end":{"line":17,"column":35}},"2":{"start":{"line":19,"column":0},"end":{"line":19,"column":57}},"3":{"start":{"line":27,"column":0},"end":{"line":90,"column":2}},"4":{"start":{"line":42,"column":24},"end":{"line":42,"column":32}},"5":{"start":{"line":43,"column":6},"end":{"line":57,"column":9}},"6":{"start":{"line":44,"column":8},"end":{"line":56,"column":11}},"7":{"start":{"line":46,"column":10},"end":{"line":55,"column":11}},"8":{"start":{"line":47,"column":12},"end":{"line":47,"column":29}},"9":{"start":{"line":48,"column":12},"end":{"line":48,"column":48}},"10":{"start":{"line":50,"column":23},"end":{"line":50,"column":30}},"11":{"start":{"line":51,"column":12},"end":{"line":54,"column":15}},"12":{"start":{"line":52,"column":12},"end":{"line":52,"column":31}},"13":{"start":{"line":53,"column":12},"end":{"line":53,"column":37}},"14":{"start":{"line":73,"column":29},"end":{"line":73,"column":57}},"15":{"start":{"line":75,"column":8},"end":{"line":87,"column":9}},"16":{"start":{"line":77,"column":25},"end":{"line":77,"column":48}},"17":{"start":{"line":79,"column":30},"end":{"line":79,"column":39}},"18":{"start":{"line":81,"column":10},"end":{"line":81,"column":34}},"19":{"start":{"line":83,"column":10},"end":{"line":83,"column":17}},"20":{"start":{"line":86,"column":10},"end":{"line":86,"column":30}}},"fnMap":{"0":{"name":"(anonymous_0)","decl":{"start":{"line":39,"column":11},"end":{"line":39,"column":12}},"loc":{"start":{"line":39,"column":31},"end":{"line":58,"column":5}},"line":39},"1":{"name":"(anonymous_1)","decl":{"start":{"line":43,"column":49},"end":{"line":43,"column":50}},"loc":{"start":{"line":43,"column":76},"end":{"line":57,"column":7}},"line":43},"2":{"name":"(anonymous_2)","decl":{"start":{"line":45,"column":17},"end":{"line":45,"column":18}},"loc":{"start":{"line":45,"column":32},"end":{"line":56,"column":9}},"line":45},"3":{"name":"(anonymous_3)","decl":{"start":{"line":51,"column":77},"end":{"line":51,"column":78}},"loc":{"start":{"line":51,"column":93},"end":{"line":54,"column":13}},"line":51},"4":{"name":"(anonymous_4)","decl":{"start":{"line":71,"column":17},"end":{"line":71,"column":18}},"loc":{"start":{"line":71,"column":37},"end":{"line":89,"column":7}},"line":71}},"branchMap":{"0":{"loc":{"start":{"line":46,"column":10},"end":{"line":55,"column":11}},"type":"if","locations":[{"start":{"line":46,"column":10},"end":{"line":55,"column":11}},{"start":{"line":46,"column":10},"end":{"line":55,"column":11}}],"line":46},"1":{"loc":{"start":{"line":75,"column":8},"end":{"line":87,"column":9}},"type":"if","locations":[{"start":{"line":75,"column":8},"end":{"line":87,"column":9}},{"start":{"line":75,"column":8},"end":{"line":87,"column":9}}],"line":75}},"s":{"0":1,"1":1,"2":1,"3":1,"4":0,"5":0,"6":0,"7":0,"8":0,"9":0,"10":0,"11":0,"12":0,"13":0,"14":19,"15":19,"16":11,"17":11,"18":11,"19":11,"20":8},"f":{"0":0,"1":0,"2":0,"3":0,"4":19},"b":{"0":[0,0],"1":[11,8]},"_coverageSchema":"1a1c01bbd47fc00a2c39e90264f33305004495a9","hash":"64c0a84ffa0e0a10fadae9b19578d3fd65f8b6f3","contentHash":"7ae655e3f9f45b27090ec0a9bb11d9d9e3e3f8acc5e3a47bcaf72e6014d24704"},"C:\\Users\\WIN 10\\Documents\\Software Project\\Pacify-BackEnd-Doaa\\Pacify-BackEnd-Doaa\\Database Seeds\\models\\user.js":{"path":"C:\\Users\\WIN 10\\Documents\\Software Project\\Pacify-BackEnd-Doaa\\Pacify-BackEnd-Doaa\\Database Seeds\\models\\user.js","statementMap":{"0":{"start":{"line":1,"column":15},"end":{"line":1,"column":34}},"1":{"start":{"line":2,"column":13},"end":{"line":2,"column":28}},"2":{"start":{"line":4,"column":13},"end":{"line":27,"column":2}},"3":{"start":{"line":29,"column":0},"end":{"line":29,"column":48}}},"fnMap":{},"branchMap":{},"s":{"0":1,"1":1,"2":1,"3":1},"f":{},"b":{},"_coverageSchema":"1a1c01bbd47fc00a2c39e90264f33305004495a9","hash":"8bc4b9df839e964d33add4904941da7a76ef5df0","contentHash":"dd46e84f91623669c9bf8779a3702f594d3c975f38e09a8450cc743b1dc615c8"},"C:\\Users\\WIN 10\\Documents\\Software Project\\Pacify-BackEnd-Doaa\\Pacify-BackEnd-Doaa\\app.js":{"path":"C:\\Users\\WIN 10\\Documents\\Software Project\\Pacify-BackEnd-Doaa\\Pacify-BackEnd-Doaa\\app.js","statementMap":{"0":{"start":{"line":1,"column":16},"end":{"line":1,"column":34}},"1":{"start":{"line":2,"column":19},"end":{"line":2,"column":41}},"2":{"start":{"line":3,"column":12},"end":{"line":3,"column":21}},"3":{"start":{"line":4,"column":11},"end":{"line":4,"column":24}},"4":{"start":{"line":5,"column":14},"end":{"line":5,"column":30}},"5":{"start":{"line":6,"column":17},"end":{"line":6,"column":37}},"6":{"start":{"line":7,"column":13},"end":{"line":7,"column":28}},"7":{"start":{"line":10,"column":15},"end":{"line":10,"column":49}},"8":{"start":{"line":12,"column":0},"end":{"line":12,"column":36}},"9":{"start":{"line":13,"column":0},"end":{"line":13,"column":51}},"10":{"start":{"line":14,"column":0},"end":{"line":14,"column":16}},"11":{"start":{"line":15,"column":0},"end":{"line":15,"column":50}},"12":{"start":{"line":17,"column":21},"end":{"line":17,"column":74}},"13":{"start":{"line":18,"column":0},"end":{"line":18,"column":31}},"14":{"start":{"line":21,"column":15},"end":{"line":21,"column":53}},"15":{"start":{"line":24,"column":25},"end":{"line":24,"column":36}},"16":{"start":{"line":25,"column":13},"end":{"line":25,"column":28}},"17":{"start":{"line":29,"column":21},"end":{"line":32,"column":1}},"18":{"start":{"line":34,"column":0},"end":{"line":34,"column":42}},"19":{"start":{"line":35,"column":0},"end":{"line":35,"column":65}},"20":{"start":{"line":38,"column":0},"end":{"line":38,"column":37}},"21":{"start":{"line":40,"column":0},"end":{"line":42,"column":3}},"22":{"start":{"line":41,"column":2},"end":{"line":41,"column":44}},"23":{"start":{"line":44,"column":0},"end":{"line":44,"column":21}}},"fnMap":{"0":{"name":"(anonymous_0)","decl":{"start":{"line":40,"column":17},"end":{"line":40,"column":18}},"loc":{"start":{"line":40,"column":23},"end":{"line":42,"column":1}},"line":40}},"branchMap":{},"s":{"0":1,"1":1,"2":1,"3":1,"4":1,"5":1,"6":1,"7":1,"8":1,"9":1,"10":1,"11":1,"12":1,"13":1,"14":1,"15":1,"16":1,"17":1,"18":1,"19":1,"20":1,"21":1,"22":1,"23":1},"f":{"0":1},"b":{},"_coverageSchema":"1a1c01bbd47fc00a2c39e90264f33305004495a9","hash":"dde756a33bfa07ba800a803a1d6463d4c16db4e5","contentHash":"6a7e4080613c800aa67224ba3610bb0cbf58f14531883cab8bfcec4aec49f3cd"},"C:\\Users\\WIN 10\\Documents\\Software Project\\Pacify-BackEnd-Doaa\\Pacify-BackEnd-Doaa\\routes\\routes.js":{"path":"C:\\Users\\WIN 10\\Documents\\Software Project\\Pacify-BackEnd-Doaa\\Pacify-BackEnd-Doaa\\routes\\routes.js","statementMap":{"0":{"start":{"line":1,"column":20},"end":{"line":1,"column":38}},"1":{"start":{"line":2,"column":21},"end":{"line":2,"column":40}},"2":{"start":{"line":3,"column":26},"end":{"line":3,"column":50}},"3":{"start":{"line":4,"column":27},"end":{"line":4,"column":52}},"4":{"start":{"line":5,"column":25},"end":{"line":5,"column":48}},"5":{"start":{"line":6,"column":29},"end":{"line":6,"column":56}},"6":{"start":{"line":7,"column":24},"end":{"line":7,"column":46}},"7":{"start":{"line":8,"column":19},"end":{"line":8,"column":37}},"8":{"start":{"line":9,"column":25},"end":{"line":9,"column":48}},"9":{"start":{"line":10,"column":25},"end":{"line":10,"column":49}},"10":{"start":{"line":11,"column":29},"end":{"line":11,"column":57}},"11":{"start":{"line":12,"column":30},"end":{"line":12,"column":59}},"12":{"start":{"line":13,"column":30},"end":{"line":13,"column":59}},"13":{"start":{"line":14,"column":28},"end":{"line":14,"column":55}},"14":{"start":{"line":15,"column":22},"end":{"line":15,"column":43}},"15":{"start":{"line":16,"column":22},"end":{"line":16,"column":43}},"16":{"start":{"line":17,"column":23},"end":{"line":17,"column":45}},"17":{"start":{"line":19,"column":21},"end":{"line":19,"column":41}},"18":{"start":{"line":20,"column":23},"end":{"line":20,"column":50}},"19":{"start":{"line":21,"column":24},"end":{"line":21,"column":47}},"20":{"start":{"line":22,"column":22},"end":{"line":22,"column":47}},"21":{"start":{"line":23,"column":23},"end":{"line":23,"column":46}},"22":{"start":{"line":24,"column":22},"end":{"line":24,"column":42}},"23":{"start":{"line":25,"column":19},"end":{"line":25,"column":36}},"24":{"start":{"line":26,"column":21},"end":{"line":26,"column":47}},"25":{"start":{"line":27,"column":26},"end":{"line":27,"column":50}},"26":{"start":{"line":28,"column":24},"end":{"line":28,"column":57}},"27":{"start":{"line":29,"column":28},"end":{"line":29,"column":55}},"28":{"start":{"line":30,"column":26},"end":{"line":30,"column":51}},"29":{"start":{"line":31,"column":28},"end":{"line":31,"column":55}},"30":{"start":{"line":32,"column":36},"end":{"line":32,"column":71}},"31":{"start":{"line":33,"column":29},"end":{"line":33,"column":57}},"32":{"start":{"line":34,"column":27},"end":{"line":34,"column":53}},"33":{"start":{"line":36,"column":11},"end":{"line":36,"column":51}},"34":{"start":{"line":37,"column":11},"end":{"line":37,"column":51}},"35":{"start":{"line":38,"column":15},"end":{"line":38,"column":59}},"36":{"start":{"line":39,"column":22},"end":{"line":39,"column":66}},"37":{"start":{"line":41,"column":18},"end":{"line":80,"column":1}},"38":{"start":{"line":42,"column":4},"end":{"line":44,"column":7}},"39":{"start":{"line":43,"column":8},"end":{"line":43,"column":58}},"40":{"start":{"line":46,"column":4},"end":{"line":46,"column":25}},"41":{"start":{"line":47,"column":4},"end":{"line":47,"column":26}},"42":{"start":{"line":48,"column":4},"end":{"line":48,"column":31}},"43":{"start":{"line":49,"column":4},"end":{"line":49,"column":32}},"44":{"start":{"line":50,"column":4},"end":{"line":50,"column":30}},"45":{"start":{"line":51,"column":4},"end":{"line":51,"column":34}},"46":{"start":{"line":52,"column":4},"end":{"line":52,"column":29}},"47":{"start":{"line":53,"column":4},"end":{"line":53,"column":32}},"48":{"start":{"line":54,"column":4},"end":{"line":54,"column":45}},"49":{"start":{"line":55,"column":4},"end":{"line":55,"column":33}},"50":{"start":{"line":56,"column":4},"end":{"line":56,"column":34}},"51":{"start":{"line":58,"column":4},"end":{"line":58,"column":36}},"52":{"start":{"line":59,"column":4},"end":{"line":59,"column":31}},"53":{"start":{"line":60,"column":4},"end":{"line":60,"column":33}},"54":{"start":{"line":61,"column":4},"end":{"line":61,"column":34}},"55":{"start":{"line":62,"column":4},"end":{"line":62,"column":36}},"56":{"start":{"line":63,"column":4},"end":{"line":63,"column":32}},"57":{"start":{"line":64,"column":4},"end":{"line":64,"column":27}},"58":{"start":{"line":65,"column":4},"end":{"line":65,"column":28}},"59":{"start":{"line":66,"column":4},"end":{"line":66,"column":27}},"60":{"start":{"line":67,"column":4},"end":{"line":67,"column":24}},"61":{"start":{"line":68,"column":4},"end":{"line":68,"column":28}},"62":{"start":{"line":69,"column":4},"end":{"line":69,"column":27}},"63":{"start":{"line":70,"column":4},"end":{"line":70,"column":24}},"64":{"start":{"line":71,"column":4},"end":{"line":71,"column":26}},"65":{"start":{"line":72,"column":4},"end":{"line":72,"column":61}},"66":{"start":{"line":73,"column":4},"end":{"line":73,"column":59}},"67":{"start":{"line":74,"column":4},"end":{"line":74,"column":63}},"68":{"start":{"line":75,"column":4},"end":{"line":75,"column":61}},"69":{"start":{"line":76,"column":4},"end":{"line":76,"column":63}},"70":{"start":{"line":77,"column":4},"end":{"line":77,"column":71}},"71":{"start":{"line":78,"column":4},"end":{"line":78,"column":64}},"72":{"start":{"line":79,"column":4},"end":{"line":79,"column":62}},"73":{"start":{"line":82,"column":0},"end":{"line":82,"column":27}}},"fnMap":{"0":{"name":"(anonymous_0)","decl":{"start":{"line":41,"column":18},"end":{"line":41,"column":19}},"loc":{"start":{"line":41,"column":31},"end":{"line":80,"column":1}},"line":41},"1":{"name":"(anonymous_1)","decl":{"start":{"line":42,"column":17},"end":{"line":42,"column":18}},"loc":{"start":{"line":42,"column":31},"end":{"line":44,"column":5}},"line":42}},"branchMap":{},"s":{"0":1,"1":1,"2":1,"3":1,"4":1,"5":1,"6":1,"7":1,"8":1,"9":1,"10":1,"11":1,"12":1,"13":1,"14":1,"15":1,"16":1,"17":1,"18":1,"19":1,"20":1,"21":1,"22":1,"23":1,"24":1,"25":1,"26":1,"27":1,"28":1,"29":1,"30":1,"31":1,"32":1,"33":1,"34":1,"35":1,"36":1,"37":1,"38":1,"39":0,"40":1,"41":1,"42":1,"43":1,"44":1,"45":1,"46":1,"47":1,"48":1,"49":1,"50":1,"51":1,"52":1,"53":1,"54":1,"55":1,"56":1,"57":1,"58":1,"59":1,"60":1,"61":1,"62":1,"63":1,"64":1,"65":1,"66":1,"67":1,"68":1,"69":1,"70":1,"71":1,"72":1,"73":1},"f":{"0":1,"1":0},"b":{},"_coverageSchema":"1a1c01bbd47fc00a2c39e90264f33305004495a9","hash":"1c2d0baaea89c395d914f33d86f038de35216da9","contentHash":"29d5d18bf271ea332a34f3fbbd65495fdbbb80859014a835c4dc7d4306c5db00"},"C:\\Users\\WIN 10\\Documents\\Software Project\\Pacify-BackEnd-Doaa\\Pacify-BackEnd-Doaa\\routes\\login.js":{"path":"C:\\Users\\WIN 10\\Documents\\Software Project\\Pacify-BackEnd-Doaa\\Pacify-BackEnd-Doaa\\routes\\login.js","statementMap":{"0":{"start":{"line":1,"column":16},"end":{"line":1,"column":34}},"1":{"start":{"line":2,"column":12},"end":{"line":2,"column":35}},"2":{"start":{"line":3,"column":19},"end":{"line":3,"column":41}},"3":{"start":{"line":5,"column":11},"end":{"line":5,"column":24}},"4":{"start":{"line":6,"column":17},"end":{"line":6,"column":37}},"5":{"start":{"line":7,"column":16},"end":{"line":7,"column":57}},"6":{"start":{"line":9,"column":15},"end":{"line":9,"column":49}},"7":{"start":{"line":11,"column":21},"end":{"line":11,"column":75}},"8":{"start":{"line":12,"column":0},"end":{"line":12,"column":31}},"9":{"start":{"line":14,"column":13},"end":{"line":14,"column":49}},"10":{"start":{"line":15,"column":21},"end":{"line":15,"column":59}},"11":{"start":{"line":21,"column":20},"end":{"line":58,"column":1}},"12":{"start":{"line":22,"column":2},"end":{"line":22,"column":37}},"13":{"start":{"line":35,"column":2},"end":{"line":57,"column":5}},"14":{"start":{"line":37,"column":24},"end":{"line":37,"column":32}},"15":{"start":{"line":38,"column":6},"end":{"line":38,"column":27}},"16":{"start":{"line":40,"column":6},"end":{"line":56,"column":9}},"17":{"start":{"line":41,"column":8},"end":{"line":55,"column":11}},"18":{"start":{"line":43,"column":10},"end":{"line":54,"column":11}},"19":{"start":{"line":44,"column":14},"end":{"line":46,"column":15}},"20":{"start":{"line":45,"column":16},"end":{"line":45,"column":36}},"21":{"start":{"line":49,"column":24},"end":{"line":49,"column":31}},"22":{"start":{"line":50,"column":12},"end":{"line":53,"column":15}},"23":{"start":{"line":51,"column":14},"end":{"line":51,"column":32}},"24":{"start":{"line":52,"column":14},"end":{"line":52,"column":29}},"25":{"start":{"line":60,"column":0},"end":{"line":60,"column":29}}},"fnMap":{"0":{"name":"(anonymous_0)","decl":{"start":{"line":21,"column":20},"end":{"line":21,"column":21}},"loc":{"start":{"line":21,"column":33},"end":{"line":58,"column":1}},"line":21},"1":{"name":"(anonymous_1)","decl":{"start":{"line":35,"column":21},"end":{"line":35,"column":22}},"loc":{"start":{"line":35,"column":35},"end":{"line":57,"column":3}},"line":35},"2":{"name":"(anonymous_2)","decl":{"start":{"line":40,"column":49},"end":{"line":40,"column":50}},"loc":{"start":{"line":40,"column":76},"end":{"line":56,"column":7}},"line":40},"3":{"name":"(anonymous_3)","decl":{"start":{"line":42,"column":17},"end":{"line":42,"column":18}},"loc":{"start":{"line":42,"column":32},"end":{"line":55,"column":9}},"line":42},"4":{"name":"(anonymous_4)","decl":{"start":{"line":50,"column":61},"end":{"line":50,"column":62}},"loc":{"start":{"line":50,"column":77},"end":{"line":53,"column":13}},"line":50}},"branchMap":{"0":{"loc":{"start":{"line":43,"column":10},"end":{"line":54,"column":11}},"type":"if","locations":[{"start":{"line":43,"column":10},"end":{"line":54,"column":11}},{"start":{"line":43,"column":10},"end":{"line":54,"column":11}}],"line":43},"1":{"loc":{"start":{"line":44,"column":14},"end":{"line":46,"column":15}},"type":"if","locations":[{"start":{"line":44,"column":14},"end":{"line":46,"column":15}},{"start":{"line":44,"column":14},"end":{"line":46,"column":15}}],"line":44}},"s":{"0":1,"1":1,"2":1,"3":1,"4":1,"5":1,"6":1,"7":1,"8":1,"9":1,"10":1,"11":1,"12":1,"13":1,"14":0,"15":0,"16":0,"17":0,"18":0,"19":0,"20":0,"21":0,"22":0,"23":0,"24":0,"25":1},"f":{"0":1,"1":0,"2":0,"3":0,"4":0},"b":{"0":[0,0],"1":[0,0]},"_coverageSchema":"1a1c01bbd47fc00a2c39e90264f33305004495a9","hash":"f56162b5b085fff17794df88123626bca6ff6d4b","contentHash":"0f27a92cab2bfcacd19bcfe382fc7f5439537cd424d88d8d458c1d2a11f69d80"},"C:\\Users\\WIN 10\\Documents\\Software Project\\Pacify-BackEnd-Doaa\\Pacify-BackEnd-Doaa\\middlewares\\token_auth.js":{"path":"C:\\Users\\WIN 10\\Documents\\Software Project\\Pacify-BackEnd-Doaa\\Pacify-BackEnd-Doaa\\middlewares\\token_auth.js","statementMap":{"0":{"start":{"line":1,"column":12},"end":{"line":1,"column":35}},"1":{"start":{"line":2,"column":16},"end":{"line":2,"column":61}},"2":{"start":{"line":4,"column":0},"end":{"line":24,"column":1}},"3":{"start":{"line":5,"column":25},"end":{"line":5,"column":64}},"4":{"start":{"line":8,"column":4},"end":{"line":22,"column":5}},"5":{"start":{"line":9,"column":8},"end":{"line":17,"column":9}},"6":{"start":{"line":10,"column":8},"end":{"line":10,"column":50}},"7":{"start":{"line":11,"column":8},"end":{"line":11,"column":50}},"8":{"start":{"line":12,"column":8},"end":{"line":12,"column":15}},"9":{"start":{"line":14,"column":12},"end":{"line":16,"column":14}},"10":{"start":{"line":19,"column":8},"end":{"line":21,"column":10}}},"fnMap":{"0":{"name":"(anonymous_0)","decl":{"start":{"line":4,"column":17},"end":{"line":4,"column":18}},"loc":{"start":{"line":4,"column":37},"end":{"line":24,"column":1}},"line":4}},"branchMap":{"0":{"loc":{"start":{"line":8,"column":4},"end":{"line":22,"column":5}},"type":"if","locations":[{"start":{"line":8,"column":4},"end":{"line":22,"column":5}},{"start":{"line":8,"column":4},"end":{"line":22,"column":5}}],"line":8}},"s":{"0":1,"1":1,"2":1,"3":4,"4":4,"5":4,"6":4,"7":4,"8":4,"9":0,"10":0},"f":{"0":4},"b":{"0":[4,0]},"_coverageSchema":"1a1c01bbd47fc00a2c39e90264f33305004495a9","hash":"86602492cbad4cca31a35d0429756df7776f8721","contentHash":"8d0b3571745a57fde6851958df7027e4e578509a3afaddfdca5222e41cd21e87"},"C:\\Users\\WIN 10\\Documents\\Software Project\\Pacify-BackEnd-Doaa\\Pacify-BackEnd-Doaa\\middlewares\\premium_auth.js":{"path":"C:\\Users\\WIN 10\\Documents\\Software Project\\Pacify-BackEnd-Doaa\\Pacify-BackEnd-Doaa\\middlewares\\premium_auth.js","statementMap":{"0":{"start":{"line":1,"column":17},"end":{"line":1,"column":37}},"1":{"start":{"line":3,"column":15},"end":{"line":3,"column":49}},"2":{"start":{"line":5,"column":0},"end":{"line":17,"column":1}},"3":{"start":{"line":6,"column":4},"end":{"line":15,"column":9}},"4":{"start":{"line":7,"column":8},"end":{"line":14,"column":11}},"5":{"start":{"line":9,"column":10},"end":{"line":13,"column":11}},"6":{"start":{"line":10,"column":11},"end":{"line":10,"column":18}},"7":{"start":{"line":12,"column":12},"end":{"line":12,"column":36}}},"fnMap":{"0":{"name":"(anonymous_0)","decl":{"start":{"line":5,"column":17},"end":{"line":5,"column":18}},"loc":{"start":{"line":5,"column":37},"end":{"line":17,"column":1}},"line":5},"1":{"name":"(anonymous_1)","decl":{"start":{"line":6,"column":47},"end":{"line":6,"column":48}},"loc":{"start":{"line":6,"column":74},"end":{"line":15,"column":7}},"line":6},"2":{"name":"(anonymous_2)","decl":{"start":{"line":8,"column":17},"end":{"line":8,"column":18}},"loc":{"start":{"line":8,"column":32},"end":{"line":14,"column":9}},"line":8}},"branchMap":{"0":{"loc":{"start":{"line":9,"column":10},"end":{"line":13,"column":11}},"type":"if","locations":[{"start":{"line":9,"column":10},"end":{"line":13,"column":11}},{"start":{"line":9,"column":10},"end":{"line":13,"column":11}}],"line":9}},"s":{"0":1,"1":1,"2":1,"3":0,"4":0,"5":0,"6":0,"7":0},"f":{"0":0,"1":0,"2":0},"b":{"0":[0,0]},"_coverageSchema":"1a1c01bbd47fc00a2c39e90264f33305004495a9","hash":"8a00500dd7fa9d76a3b322b6cb731914f7ebc46d","contentHash":"e5549f52cb22defac9e71c046b6ad8f8ce3d0e08107767a4abea6cac7136a150"},"C:\\Users\\WIN 10\\Documents\\Software Project\\Pacify-BackEnd-Doaa\\Pacify-BackEnd-Doaa\\routes\\browse.js":{"path":"C:\\Users\\WIN 10\\Documents\\Software Project\\Pacify-BackEnd-Doaa\\Pacify-BackEnd-Doaa\\routes\\browse.js","statementMap":{"0":{"start":{"line":1,"column":16},"end":{"line":1,"column":34}},"1":{"start":{"line":2,"column":12},"end":{"line":2,"column":35}},"2":{"start":{"line":3,"column":19},"end":{"line":3,"column":41}},"3":{"start":{"line":4,"column":11},"end":{"line":4,"column":24}},"4":{"start":{"line":5,"column":17},"end":{"line":5,"column":37}},"5":{"start":{"line":7,"column":18},"end":{"line":7,"column":57}},"6":{"start":{"line":8,"column":16},"end":{"line":8,"column":53}},"7":{"start":{"line":9,"column":17},"end":{"line":9,"column":55}},"8":{"start":{"line":11,"column":15},"end":{"line":11,"column":49}},"9":{"start":{"line":13,"column":21},"end":{"line":13,"column":75}},"10":{"start":{"line":14,"column":0},"end":{"line":14,"column":31}},"11":{"start":{"line":21,"column":21},"end":{"line":61,"column":1}},"12":{"start":{"line":23,"column":4},"end":{"line":23,"column":40}},"13":{"start":{"line":24,"column":4},"end":{"line":24,"column":55}},"14":{"start":{"line":37,"column":4},"end":{"line":39,"column":7}},"15":{"start":{"line":38,"column":8},"end":{"line":38,"column":29}},"16":{"start":{"line":52,"column":4},"end":{"line":58,"column":7}},"17":{"start":{"line":53,"column":8},"end":{"line":57,"column":10}},"18":{"start":{"line":54,"column":12},"end":{"line":56,"column":14}},"19":{"start":{"line":55,"column":16},"end":{"line":55,"column":31}},"20":{"start":{"line":62,"column":0},"end":{"line":62,"column":30}}},"fnMap":{"0":{"name":"(anonymous_0)","decl":{"start":{"line":21,"column":21},"end":{"line":21,"column":22}},"loc":{"start":{"line":21,"column":34},"end":{"line":61,"column":1}},"line":21},"1":{"name":"(anonymous_1)","decl":{"start":{"line":37,"column":59},"end":{"line":37,"column":60}},"loc":{"start":{"line":37,"column":73},"end":{"line":39,"column":5}},"line":37},"2":{"name":"(anonymous_2)","decl":{"start":{"line":52,"column":23},"end":{"line":52,"column":24}},"loc":{"start":{"line":52,"column":37},"end":{"line":58,"column":5}},"line":52},"3":{"name":"(anonymous_3)","decl":{"start":{"line":53,"column":55},"end":{"line":53,"column":56}},"loc":{"start":{"line":53,"column":80},"end":{"line":57,"column":9}},"line":53},"4":{"name":"(anonymous_4)","decl":{"start":{"line":54,"column":53},"end":{"line":54,"column":54}},"loc":{"start":{"line":54,"column":71},"end":{"line":56,"column":13}},"line":54}},"branchMap":{},"s":{"0":1,"1":1,"2":1,"3":1,"4":1,"5":1,"6":1,"7":1,"8":1,"9":1,"10":1,"11":1,"12":1,"13":1,"14":1,"15":0,"16":1,"17":0,"18":0,"19":0,"20":1},"f":{"0":1,"1":0,"2":0,"3":0,"4":0},"b":{},"_coverageSchema":"1a1c01bbd47fc00a2c39e90264f33305004495a9","hash":"d75f8aaf363cbb83ded673f85546b3bf9b0ce70f","contentHash":"c51f12362e27e40ea10a7da744a6ab92e82ec31fc66e14451658da23c9c0e638"},"C:\\Users\\WIN 10\\Documents\\Software Project\\Pacify-BackEnd-Doaa\\Pacify-BackEnd-Doaa\\middlewares\\artist_search.js":{"path":"C:\\Users\\WIN 10\\Documents\\Software Project\\Pacify-BackEnd-Doaa\\Pacify-BackEnd-Doaa\\middlewares\\artist_search.js","statementMap":{"0":{"start":{"line":1,"column":17},"end":{"line":1,"column":37}},"1":{"start":{"line":2,"column":0},"end":{"line":2,"column":57}},"2":{"start":{"line":4,"column":15},"end":{"line":4,"column":49}},"3":{"start":{"line":6,"column":0},"end":{"line":23,"column":1}},"4":{"start":{"line":7,"column":4},"end":{"line":22,"column":7}},"5":{"start":{"line":8,"column":8},"end":{"line":21,"column":11}},"6":{"start":{"line":9,"column":12},"end":{"line":20,"column":15}},"7":{"start":{"line":12,"column":16},"end":{"line":16,"column":17}},"8":{"start":{"line":18,"column":16},"end":{"line":18,"column":41}},"9":{"start":{"line":19,"column":16},"end":{"line":19,"column":23}}},"fnMap":{"0":{"name":"(anonymous_0)","decl":{"start":{"line":6,"column":17},"end":{"line":6,"column":18}},"loc":{"start":{"line":6,"column":37},"end":{"line":23,"column":1}},"line":6},"1":{"name":"(anonymous_1)","decl":{"start":{"line":7,"column":47},"end":{"line":7,"column":48}},"loc":{"start":{"line":7,"column":74},"end":{"line":22,"column":5}},"line":7},"2":{"name":"(anonymous_2)","decl":{"start":{"line":8,"column":54},"end":{"line":8,"column":55}},"loc":{"start":{"line":8,"column":74},"end":{"line":21,"column":9}},"line":8},"3":{"name":"(anonymous_3)","decl":{"start":{"line":11,"column":21},"end":{"line":11,"column":22}},"loc":{"start":{"line":11,"column":36},"end":{"line":20,"column":13}},"line":11}},"branchMap":{},"s":{"0":1,"1":1,"2":1,"3":1,"4":0,"5":0,"6":0,"7":0,"8":0,"9":0},"f":{"0":0,"1":0,"2":0,"3":0},"b":{},"_coverageSchema":"1a1c01bbd47fc00a2c39e90264f33305004495a9","hash":"95758244a43f7443f19ab98d7dfe732882cf2e0e","contentHash":"2508580b7aa7cf71cd6281c9f18994fed431ed388e756fc9126b94017d1b1dec"},"C:\\Users\\WIN 10\\Documents\\Software Project\\Pacify-BackEnd-Doaa\\Pacify-BackEnd-Doaa\\middlewares\\song_search.js":{"path":"C:\\Users\\WIN 10\\Documents\\Software Project\\Pacify-BackEnd-Doaa\\Pacify-BackEnd-Doaa\\middlewares\\song_search.js","statementMap":{"0":{"start":{"line":1,"column":17},"end":{"line":1,"column":37}},"1":{"start":{"line":2,"column":0},"end":{"line":2,"column":57}},"2":{"start":{"line":4,"column":15},"end":{"line":4,"column":49}},"3":{"start":{"line":6,"column":0},"end":{"line":17,"column":1}},"4":{"start":{"line":7,"column":4},"end":{"line":16,"column":7}},"5":{"start":{"line":8,"column":8},"end":{"line":15,"column":11}},"6":{"start":{"line":9,"column":12},"end":{"line":14,"column":15}},"7":{"start":{"line":12,"column":16},"end":{"line":12,"column":39}},"8":{"start":{"line":13,"column":16},"end":{"line":13,"column":23}}},"fnMap":{"0":{"name":"(anonymous_0)","decl":{"start":{"line":6,"column":17},"end":{"line":6,"column":18}},"loc":{"start":{"line":6,"column":37},"end":{"line":17,"column":1}},"line":6},"1":{"name":"(anonymous_1)","decl":{"start":{"line":7,"column":47},"end":{"line":7,"column":48}},"loc":{"start":{"line":7,"column":74},"end":{"line":16,"column":5}},"line":7},"2":{"name":"(anonymous_2)","decl":{"start":{"line":8,"column":50},"end":{"line":8,"column":51}},"loc":{"start":{"line":8,"column":70},"end":{"line":15,"column":9}},"line":8},"3":{"name":"(anonymous_3)","decl":{"start":{"line":11,"column":21},"end":{"line":11,"column":22}},"loc":{"start":{"line":11,"column":36},"end":{"line":14,"column":13}},"line":11}},"branchMap":{},"s":{"0":1,"1":1,"2":1,"3":1,"4":0,"5":0,"6":0,"7":0,"8":0},"f":{"0":0,"1":0,"2":0,"3":0},"b":{},"_coverageSchema":"1a1c01bbd47fc00a2c39e90264f33305004495a9","hash":"f663176fb29f27179d3787e12f36ee4ce3c6aaa9","contentHash":"0ef807c338725f2734b45c3283046e8f6a181133b62e46205d0a34ae31d0a356"},"C:\\Users\\WIN 10\\Documents\\Software Project\\Pacify-BackEnd-Doaa\\Pacify-BackEnd-Doaa\\middlewares\\album_search.js":{"path":"C:\\Users\\WIN 10\\Documents\\Software Project\\Pacify-BackEnd-Doaa\\Pacify-BackEnd-Doaa\\middlewares\\album_search.js","statementMap":{"0":{"start":{"line":1,"column":17},"end":{"line":1,"column":37}},"1":{"start":{"line":2,"column":0},"end":{"line":2,"column":57}},"2":{"start":{"line":4,"column":15},"end":{"line":4,"column":49}},"3":{"start":{"line":6,"column":0},"end":{"line":17,"column":1}},"4":{"start":{"line":7,"column":4},"end":{"line":16,"column":7}},"5":{"start":{"line":8,"column":8},"end":{"line":15,"column":11}},"6":{"start":{"line":9,"column":12},"end":{"line":14,"column":15}},"7":{"start":{"line":12,"column":16},"end":{"line":12,"column":40}},"8":{"start":{"line":13,"column":16},"end":{"line":13,"column":23}}},"fnMap":{"0":{"name":"(anonymous_0)","decl":{"start":{"line":6,"column":17},"end":{"line":6,"column":18}},"loc":{"start":{"line":6,"column":37},"end":{"line":17,"column":1}},"line":6},"1":{"name":"(anonymous_1)","decl":{"start":{"line":7,"column":48},"end":{"line":7,"column":49}},"loc":{"start":{"line":7,"column":75},"end":{"line":16,"column":5}},"line":7},"2":{"name":"(anonymous_2)","decl":{"start":{"line":8,"column":50},"end":{"line":8,"column":51}},"loc":{"start":{"line":8,"column":70},"end":{"line":15,"column":9}},"line":8},"3":{"name":"(anonymous_3)","decl":{"start":{"line":11,"column":21},"end":{"line":11,"column":22}},"loc":{"start":{"line":11,"column":36},"end":{"line":14,"column":13}},"line":11}},"branchMap":{},"s":{"0":1,"1":1,"2":1,"3":1,"4":0,"5":0,"6":0,"7":0,"8":0},"f":{"0":0,"1":0,"2":0,"3":0},"b":{},"_coverageSchema":"1a1c01bbd47fc00a2c39e90264f33305004495a9","hash":"676cf3f95f34b7c5ad6314313e34740c497c2d41","contentHash":"e18dcea42854c8c6568dd7745af796236c88602587b9cdfe3f32bc8dea8b81be"},"C:\\Users\\WIN 10\\Documents\\Software Project\\Pacify-BackEnd-Doaa\\Pacify-BackEnd-Doaa\\routes\\likedAlbums.js":{"path":"C:\\Users\\WIN 10\\Documents\\Software Project\\Pacify-BackEnd-Doaa\\Pacify-BackEnd-Doaa\\routes\\likedAlbums.js","statementMap":{"0":{"start":{"line":2,"column":17},"end":{"line":2,"column":36}},"1":{"start":{"line":3,"column":15},"end":{"line":3,"column":49}},"2":{"start":{"line":5,"column":21},"end":{"line":5,"column":75}},"3":{"start":{"line":6,"column":0},"end":{"line":6,"column":31}},"4":{"start":{"line":8,"column":16},"end":{"line":8,"column":34}},"5":{"start":{"line":9,"column":19},"end":{"line":9,"column":41}},"6":{"start":{"line":11,"column":13},"end":{"line":11,"column":49}},"7":{"start":{"line":16,"column":26},"end":{"line":141,"column":1}},"8":{"start":{"line":18,"column":4},"end":{"line":18,"column":31}},"9":{"start":{"line":19,"column":4},"end":{"line":19,"column":56}},"10":{"start":{"line":32,"column":4},"end":{"line":58,"column":7}},"11":{"start":{"line":33,"column":8},"end":{"line":57,"column":15}},"12":{"start":{"line":34,"column":13},"end":{"line":56,"column":16}},"13":{"start":{"line":36,"column":16},"end":{"line":39,"column":17}},"14":{"start":{"line":37,"column":20},"end":{"line":37,"column":30}},"15":{"start":{"line":41,"column":16},"end":{"line":41,"column":24}},"16":{"start":{"line":43,"column":16},"end":{"line":45,"column":17}},"17":{"start":{"line":43,"column":29},"end":{"line":43,"column":30}},"18":{"start":{"line":44,"column":20},"end":{"line":44,"column":66}},"19":{"start":{"line":47,"column":16},"end":{"line":55,"column":22}},"20":{"start":{"line":48,"column":20},"end":{"line":54,"column":23}},"21":{"start":{"line":50,"column":23},"end":{"line":52,"column":24}},"22":{"start":{"line":51,"column":27},"end":{"line":51,"column":37}},"23":{"start":{"line":53,"column":23},"end":{"line":53,"column":39}},"24":{"start":{"line":74,"column":4},"end":{"line":89,"column":9}},"25":{"start":{"line":76,"column":8},"end":{"line":81,"column":11}},"26":{"start":{"line":77,"column":12},"end":{"line":80,"column":14}},"27":{"start":{"line":82,"column":8},"end":{"line":87,"column":11}},"28":{"start":{"line":83,"column":12},"end":{"line":86,"column":14}},"29":{"start":{"line":88,"column":8},"end":{"line":88,"column":18}},"30":{"start":{"line":104,"column":4},"end":{"line":140,"column":7}},"31":{"start":{"line":105,"column":8},"end":{"line":121,"column":11}},"32":{"start":{"line":106,"column":12},"end":{"line":120,"column":15}},"33":{"start":{"line":107,"column":15},"end":{"line":109,"column":16}},"34":{"start":{"line":108,"column":19},"end":{"line":108,"column":29}},"35":{"start":{"line":110,"column":25},"end":{"line":110,"column":39}},"36":{"start":{"line":111,"column":15},"end":{"line":119,"column":17}},"37":{"start":{"line":112,"column":19},"end":{"line":112,"column":28}},"38":{"start":{"line":114,"column":20},"end":{"line":117,"column":21}},"39":{"start":{"line":122,"column":8},"end":{"line":138,"column":11}},"40":{"start":{"line":123,"column":12},"end":{"line":137,"column":15}},"41":{"start":{"line":124,"column":15},"end":{"line":126,"column":16}},"42":{"start":{"line":125,"column":19},"end":{"line":125,"column":29}},"43":{"start":{"line":127,"column":25},"end":{"line":127,"column":44}},"44":{"start":{"line":128,"column":15},"end":{"line":136,"column":17}},"45":{"start":{"line":129,"column":19},"end":{"line":129,"column":28}},"46":{"start":{"line":131,"column":20},"end":{"line":134,"column":21}},"47":{"start":{"line":139,"column":11},"end":{"line":139,"column":21}},"48":{"start":{"line":143,"column":0},"end":{"line":143,"column":35}}},"fnMap":{"0":{"name":"(anonymous_0)","decl":{"start":{"line":16,"column":26},"end":{"line":16,"column":27}},"loc":{"start":{"line":16,"column":39},"end":{"line":141,"column":1}},"line":16},"1":{"name":"(anonymous_1)","decl":{"start":{"line":32,"column":34},"end":{"line":32,"column":35}},"loc":{"start":{"line":32,"column":48},"end":{"line":58,"column":5}},"line":32},"2":{"name":"(anonymous_2)","decl":{"start":{"line":33,"column":50},"end":{"line":33,"column":51}},"loc":{"start":{"line":33,"column":75},"end":{"line":57,"column":13}},"line":33},"3":{"name":"(anonymous_3)","decl":{"start":{"line":34,"column":69},"end":{"line":34,"column":70}},"loc":{"start":{"line":34,"column":87},"end":{"line":56,"column":14}},"line":34},"4":{"name":"(anonymous_4)","decl":{"start":{"line":47,"column":59},"end":{"line":47,"column":60}},"loc":{"start":{"line":47,"column":85},"end":{"line":55,"column":20}},"line":47},"5":{"name":"(anonymous_5)","decl":{"start":{"line":48,"column":64},"end":{"line":48,"column":65}},"loc":{"start":{"line":48,"column":83},"end":{"line":54,"column":21}},"line":48},"6":{"name":"(anonymous_6)","decl":{"start":{"line":74,"column":34},"end":{"line":74,"column":35}},"loc":{"start":{"line":74,"column":54},"end":{"line":89,"column":7}},"line":74},"7":{"name":"(anonymous_7)","decl":{"start":{"line":76,"column":51},"end":{"line":76,"column":52}},"loc":{"start":{"line":76,"column":76},"end":{"line":81,"column":9}},"line":76},"8":{"name":"(anonymous_8)","decl":{"start":{"line":82,"column":50},"end":{"line":82,"column":51}},"loc":{"start":{"line":82,"column":75},"end":{"line":87,"column":9}},"line":82},"9":{"name":"(anonymous_9)","decl":{"start":{"line":104,"column":35},"end":{"line":104,"column":36}},"loc":{"start":{"line":104,"column":49},"end":{"line":140,"column":5}},"line":104},"10":{"name":"(anonymous_10)","decl":{"start":{"line":105,"column":51},"end":{"line":105,"column":52}},"loc":{"start":{"line":105,"column":76},"end":{"line":121,"column":9}},"line":105},"11":{"name":"(anonymous_11)","decl":{"start":{"line":106,"column":96},"end":{"line":106,"column":97}},"loc":{"start":{"line":106,"column":114},"end":{"line":120,"column":13}},"line":106},"12":{"name":"(anonymous_12)","decl":{"start":{"line":122,"column":50},"end":{"line":122,"column":51}},"loc":{"start":{"line":122,"column":75},"end":{"line":138,"column":9}},"line":122},"13":{"name":"(anonymous_13)","decl":{"start":{"line":123,"column":101},"end":{"line":123,"column":102}},"loc":{"start":{"line":123,"column":119},"end":{"line":137,"column":13}},"line":123}},"branchMap":{"0":{"loc":{"start":{"line":36,"column":16},"end":{"line":39,"column":17}},"type":"if","locations":[{"start":{"line":36,"column":16},"end":{"line":39,"column":17}},{"start":{"line":36,"column":16},"end":{"line":39,"column":17}}],"line":36},"1":{"loc":{"start":{"line":50,"column":23},"end":{"line":52,"column":24}},"type":"if","locations":[{"start":{"line":50,"column":23},"end":{"line":52,"column":24}},{"start":{"line":50,"column":23},"end":{"line":52,"column":24}}],"line":50},"2":{"loc":{"start":{"line":107,"column":15},"end":{"line":109,"column":16}},"type":"if","locations":[{"start":{"line":107,"column":15},"end":{"line":109,"column":16}},{"start":{"line":107,"column":15},"end":{"line":109,"column":16}}],"line":107},"3":{"loc":{"start":{"line":111,"column":15},"end":{"line":119,"column":17}},"type":"if","locations":[{"start":{"line":111,"column":15},"end":{"line":119,"column":17}},{"start":{"line":111,"column":15},"end":{"line":119,"column":17}}],"line":111},"4":{"loc":{"start":{"line":124,"column":15},"end":{"line":126,"column":16}},"type":"if","locations":[{"start":{"line":124,"column":15},"end":{"line":126,"column":16}},{"start":{"line":124,"column":15},"end":{"line":126,"column":16}}],"line":124},"5":{"loc":{"start":{"line":128,"column":15},"end":{"line":136,"column":17}},"type":"if","locations":[{"start":{"line":128,"column":15},"end":{"line":136,"column":17}},{"start":{"line":128,"column":15},"end":{"line":136,"column":17}}],"line":128}},"s":{"0":1,"1":1,"2":1,"3":1,"4":1,"5":1,"6":1,"7":1,"8":1,"9":1,"10":1,"11":0,"12":0,"13":0,"14":0,"15":0,"16":0,"17":0,"18":0,"19":0,"20":0,"21":0,"22":0,"23":0,"24":1,"25":0,"26":0,"27":0,"28":0,"29":0,"30":1,"31":0,"32":0,"33":0,"34":0,"35":0,"36":0,"37":0,"38":0,"39":0,"40":0,"41":0,"42":0,"43":0,"44":0,"45":0,"46":0,"47":0,"48":1},"f":{"0":1,"1":0,"2":0,"3":0,"4":0,"5":0,"6":0,"7":0,"8":0,"9":0,"10":0,"11":0,"12":0,"13":0},"b":{"0":[0,0],"1":[0,0],"2":[0,0],"3":[0,0],"4":[0,0],"5":[0,0]},"_coverageSchema":"1a1c01bbd47fc00a2c39e90264f33305004495a9","hash":"ac104206b263b8eea7650f9406870f5b07d65ecb","contentHash":"ee02cf92115a1e2590af78054a6bf258bc5f90a393d71da9fb5f7ebe29927e1a"},"C:\\Users\\WIN 10\\Documents\\Software Project\\Pacify-BackEnd-Doaa\\Pacify-BackEnd-Doaa\\routes\\likedArtists.js":{"path":"C:\\Users\\WIN 10\\Documents\\Software Project\\Pacify-BackEnd-Doaa\\Pacify-BackEnd-Doaa\\routes\\likedArtists.js","statementMap":{"0":{"start":{"line":2,"column":17},"end":{"line":2,"column":36}},"1":{"start":{"line":3,"column":15},"end":{"line":3,"column":49}},"2":{"start":{"line":5,"column":21},"end":{"line":5,"column":75}},"3":{"start":{"line":6,"column":0},"end":{"line":6,"column":31}},"4":{"start":{"line":8,"column":16},"end":{"line":8,"column":34}},"5":{"start":{"line":9,"column":19},"end":{"line":9,"column":41}},"6":{"start":{"line":11,"column":13},"end":{"line":11,"column":49}},"7":{"start":{"line":17,"column":27},"end":{"line":140,"column":1}},"8":{"start":{"line":19,"column":4},"end":{"line":19,"column":31}},"9":{"start":{"line":20,"column":4},"end":{"line":20,"column":56}},"10":{"start":{"line":33,"column":4},"end":{"line":59,"column":7}},"11":{"start":{"line":34,"column":8},"end":{"line":58,"column":15}},"12":{"start":{"line":35,"column":13},"end":{"line":57,"column":16}},"13":{"start":{"line":37,"column":16},"end":{"line":40,"column":17}},"14":{"start":{"line":38,"column":20},"end":{"line":38,"column":30}},"15":{"start":{"line":42,"column":16},"end":{"line":42,"column":24}},"16":{"start":{"line":44,"column":16},"end":{"line":46,"column":17}},"17":{"start":{"line":44,"column":29},"end":{"line":44,"column":30}},"18":{"start":{"line":45,"column":20},"end":{"line":45,"column":67}},"19":{"start":{"line":48,"column":16},"end":{"line":56,"column":22}},"20":{"start":{"line":49,"column":20},"end":{"line":55,"column":23}},"21":{"start":{"line":51,"column":23},"end":{"line":53,"column":24}},"22":{"start":{"line":52,"column":27},"end":{"line":52,"column":37}},"23":{"start":{"line":54,"column":23},"end":{"line":54,"column":39}},"24":{"start":{"line":74,"column":4},"end":{"line":88,"column":9}},"25":{"start":{"line":75,"column":8},"end":{"line":80,"column":11}},"26":{"start":{"line":76,"column":12},"end":{"line":79,"column":14}},"27":{"start":{"line":81,"column":8},"end":{"line":86,"column":11}},"28":{"start":{"line":82,"column":12},"end":{"line":85,"column":14}},"29":{"start":{"line":87,"column":8},"end":{"line":87,"column":18}},"30":{"start":{"line":103,"column":4},"end":{"line":139,"column":7}},"31":{"start":{"line":104,"column":8},"end":{"line":120,"column":11}},"32":{"start":{"line":105,"column":12},"end":{"line":119,"column":15}},"33":{"start":{"line":106,"column":15},"end":{"line":108,"column":16}},"34":{"start":{"line":107,"column":19},"end":{"line":107,"column":29}},"35":{"start":{"line":109,"column":25},"end":{"line":109,"column":45}},"36":{"start":{"line":110,"column":15},"end":{"line":118,"column":17}},"37":{"start":{"line":111,"column":19},"end":{"line":111,"column":28}},"38":{"start":{"line":113,"column":20},"end":{"line":116,"column":21}},"39":{"start":{"line":121,"column":8},"end":{"line":137,"column":11}},"40":{"start":{"line":122,"column":12},"end":{"line":136,"column":15}},"41":{"start":{"line":123,"column":15},"end":{"line":125,"column":16}},"42":{"start":{"line":124,"column":19},"end":{"line":124,"column":29}},"43":{"start":{"line":126,"column":25},"end":{"line":126,"column":42}},"44":{"start":{"line":127,"column":15},"end":{"line":135,"column":17}},"45":{"start":{"line":128,"column":19},"end":{"line":128,"column":28}},"46":{"start":{"line":130,"column":20},"end":{"line":133,"column":21}},"47":{"start":{"line":138,"column":11},"end":{"line":138,"column":21}},"48":{"start":{"line":142,"column":0},"end":{"line":142,"column":36}}},"fnMap":{"0":{"name":"(anonymous_0)","decl":{"start":{"line":17,"column":27},"end":{"line":17,"column":28}},"loc":{"start":{"line":17,"column":40},"end":{"line":140,"column":1}},"line":17},"1":{"name":"(anonymous_1)","decl":{"start":{"line":33,"column":35},"end":{"line":33,"column":36}},"loc":{"start":{"line":33,"column":49},"end":{"line":59,"column":5}},"line":33},"2":{"name":"(anonymous_2)","decl":{"start":{"line":34,"column":50},"end":{"line":34,"column":51}},"loc":{"start":{"line":34,"column":75},"end":{"line":58,"column":13}},"line":34},"3":{"name":"(anonymous_3)","decl":{"start":{"line":35,"column":69},"end":{"line":35,"column":70}},"loc":{"start":{"line":35,"column":87},"end":{"line":57,"column":14}},"line":35},"4":{"name":"(anonymous_4)","decl":{"start":{"line":48,"column":58},"end":{"line":48,"column":59}},"loc":{"start":{"line":48,"column":84},"end":{"line":56,"column":20}},"line":48},"5":{"name":"(anonymous_5)","decl":{"start":{"line":49,"column":64},"end":{"line":49,"column":65}},"loc":{"start":{"line":49,"column":83},"end":{"line":55,"column":21}},"line":49},"6":{"name":"(anonymous_6)","decl":{"start":{"line":74,"column":35},"end":{"line":74,"column":36}},"loc":{"start":{"line":74,"column":55},"end":{"line":88,"column":7}},"line":74},"7":{"name":"(anonymous_7)","decl":{"start":{"line":75,"column":50},"end":{"line":75,"column":51}},"loc":{"start":{"line":75,"column":75},"end":{"line":80,"column":9}},"line":75},"8":{"name":"(anonymous_8)","decl":{"start":{"line":81,"column":50},"end":{"line":81,"column":51}},"loc":{"start":{"line":81,"column":75},"end":{"line":86,"column":9}},"line":81},"9":{"name":"(anonymous_9)","decl":{"start":{"line":103,"column":36},"end":{"line":103,"column":37}},"loc":{"start":{"line":103,"column":50},"end":{"line":139,"column":5}},"line":103},"10":{"name":"(anonymous_10)","decl":{"start":{"line":104,"column":50},"end":{"line":104,"column":51}},"loc":{"start":{"line":104,"column":75},"end":{"line":120,"column":9}},"line":104},"11":{"name":"(anonymous_11)","decl":{"start":{"line":105,"column":103},"end":{"line":105,"column":104}},"loc":{"start":{"line":105,"column":121},"end":{"line":119,"column":13}},"line":105},"12":{"name":"(anonymous_12)","decl":{"start":{"line":121,"column":50},"end":{"line":121,"column":51}},"loc":{"start":{"line":121,"column":75},"end":{"line":137,"column":9}},"line":121},"13":{"name":"(anonymous_13)","decl":{"start":{"line":122,"column":100},"end":{"line":122,"column":101}},"loc":{"start":{"line":122,"column":118},"end":{"line":136,"column":13}},"line":122}},"branchMap":{"0":{"loc":{"start":{"line":37,"column":16},"end":{"line":40,"column":17}},"type":"if","locations":[{"start":{"line":37,"column":16},"end":{"line":40,"column":17}},{"start":{"line":37,"column":16},"end":{"line":40,"column":17}}],"line":37},"1":{"loc":{"start":{"line":51,"column":23},"end":{"line":53,"column":24}},"type":"if","locations":[{"start":{"line":51,"column":23},"end":{"line":53,"column":24}},{"start":{"line":51,"column":23},"end":{"line":53,"column":24}}],"line":51},"2":{"loc":{"start":{"line":106,"column":15},"end":{"line":108,"column":16}},"type":"if","locations":[{"start":{"line":106,"column":15},"end":{"line":108,"column":16}},{"start":{"line":106,"column":15},"end":{"line":108,"column":16}}],"line":106},"3":{"loc":{"start":{"line":110,"column":15},"end":{"line":118,"column":17}},"type":"if","locations":[{"start":{"line":110,"column":15},"end":{"line":118,"column":17}},{"start":{"line":110,"column":15},"end":{"line":118,"column":17}}],"line":110},"4":{"loc":{"start":{"line":123,"column":15},"end":{"line":125,"column":16}},"type":"if","locations":[{"start":{"line":123,"column":15},"end":{"line":125,"column":16}},{"start":{"line":123,"column":15},"end":{"line":125,"column":16}}],"line":123},"5":{"loc":{"start":{"line":127,"column":15},"end":{"line":135,"column":17}},"type":"if","locations":[{"start":{"line":127,"column":15},"end":{"line":135,"column":17}},{"start":{"line":127,"column":15},"end":{"line":135,"column":17}}],"line":127}},"s":{"0":1,"1":1,"2":1,"3":1,"4":1,"5":1,"6":1,"7":1,"8":1,"9":1,"10":1,"11":0,"12":0,"13":0,"14":0,"15":0,"16":0,"17":0,"18":0,"19":0,"20":0,"21":0,"22":0,"23":0,"24":1,"25":0,"26":0,"27":0,"28":0,"29":0,"30":1,"31":0,"32":0,"33":0,"34":0,"35":0,"36":0,"37":0,"38":0,"39":0,"40":0,"41":0,"42":0,"43":0,"44":0,"45":0,"46":0,"47":0,"48":1},"f":{"0":1,"1":0,"2":0,"3":0,"4":0,"5":0,"6":0,"7":0,"8":0,"9":0,"10":0,"11":0,"12":0,"13":0},"b":{"0":[0,0],"1":[0,0],"2":[0,0],"3":[0,0],"4":[0,0],"5":[0,0]},"_coverageSchema":"1a1c01bbd47fc00a2c39e90264f33305004495a9","hash":"e5f061b355de61a8a15de3133844850cd8085258","contentHash":"067fbbf22af414aba8741208edc9c4d85b9f9c5dd2a4d6ffa7f480c511d30950"},"C:\\Users\\WIN 10\\Documents\\Software Project\\Pacify-BackEnd-Doaa\\Pacify-BackEnd-Doaa\\routes\\likedSongs.js":{"path":"C:\\Users\\WIN 10\\Documents\\Software Project\\Pacify-BackEnd-Doaa\\Pacify-BackEnd-Doaa\\routes\\likedSongs.js","statementMap":{"0":{"start":{"line":2,"column":17},"end":{"line":2,"column":36}},"1":{"start":{"line":3,"column":15},"end":{"line":3,"column":49}},"2":{"start":{"line":5,"column":21},"end":{"line":5,"column":75}},"3":{"start":{"line":6,"column":0},"end":{"line":6,"column":31}},"4":{"start":{"line":8,"column":16},"end":{"line":8,"column":34}},"5":{"start":{"line":9,"column":19},"end":{"line":9,"column":41}},"6":{"start":{"line":11,"column":13},"end":{"line":11,"column":49}},"7":{"start":{"line":12,"column":21},"end":{"line":12,"column":59}},"8":{"start":{"line":18,"column":25},"end":{"line":142,"column":1}},"9":{"start":{"line":20,"column":4},"end":{"line":20,"column":31}},"10":{"start":{"line":21,"column":4},"end":{"line":21,"column":56}},"11":{"start":{"line":34,"column":4},"end":{"line":60,"column":7}},"12":{"start":{"line":35,"column":8},"end":{"line":59,"column":15}},"13":{"start":{"line":36,"column":13},"end":{"line":58,"column":16}},"14":{"start":{"line":38,"column":16},"end":{"line":41,"column":17}},"15":{"start":{"line":39,"column":20},"end":{"line":39,"column":30}},"16":{"start":{"line":43,"column":16},"end":{"line":43,"column":24}},"17":{"start":{"line":45,"column":16},"end":{"line":47,"column":17}},"18":{"start":{"line":45,"column":29},"end":{"line":45,"column":30}},"19":{"start":{"line":46,"column":20},"end":{"line":46,"column":65}},"20":{"start":{"line":49,"column":16},"end":{"line":57,"column":22}},"21":{"start":{"line":50,"column":20},"end":{"line":56,"column":23}},"22":{"start":{"line":52,"column":23},"end":{"line":54,"column":24}},"23":{"start":{"line":53,"column":27},"end":{"line":53,"column":37}},"24":{"start":{"line":55,"column":23},"end":{"line":55,"column":39}},"25":{"start":{"line":75,"column":4},"end":{"line":90,"column":9}},"26":{"start":{"line":77,"column":8},"end":{"line":82,"column":11}},"27":{"start":{"line":78,"column":12},"end":{"line":81,"column":14}},"28":{"start":{"line":83,"column":8},"end":{"line":88,"column":11}},"29":{"start":{"line":84,"column":12},"end":{"line":87,"column":14}},"30":{"start":{"line":89,"column":8},"end":{"line":89,"column":18}},"31":{"start":{"line":105,"column":4},"end":{"line":141,"column":7}},"32":{"start":{"line":106,"column":8},"end":{"line":139,"column":11}},"33":{"start":{"line":107,"column":12},"end":{"line":121,"column":15}},"34":{"start":{"line":108,"column":15},"end":{"line":110,"column":16}},"35":{"start":{"line":109,"column":19},"end":{"line":109,"column":29}},"36":{"start":{"line":111,"column":25},"end":{"line":111,"column":43}},"37":{"start":{"line":112,"column":15},"end":{"line":120,"column":17}},"38":{"start":{"line":113,"column":19},"end":{"line":113,"column":28}},"39":{"start":{"line":115,"column":20},"end":{"line":118,"column":21}},"40":{"start":{"line":122,"column":8},"end":{"line":138,"column":11}},"41":{"start":{"line":123,"column":12},"end":{"line":137,"column":15}},"42":{"start":{"line":124,"column":16},"end":{"line":126,"column":17}},"43":{"start":{"line":125,"column":20},"end":{"line":125,"column":30}},"44":{"start":{"line":127,"column":26},"end":{"line":127,"column":40}},"45":{"start":{"line":128,"column":16},"end":{"line":136,"column":17}},"46":{"start":{"line":129,"column":20},"end":{"line":129,"column":29}},"47":{"start":{"line":131,"column":20},"end":{"line":134,"column":21}},"48":{"start":{"line":140,"column":11},"end":{"line":140,"column":21}},"49":{"start":{"line":144,"column":0},"end":{"line":144,"column":34}}},"fnMap":{"0":{"name":"(anonymous_0)","decl":{"start":{"line":18,"column":25},"end":{"line":18,"column":26}},"loc":{"start":{"line":18,"column":38},"end":{"line":142,"column":1}},"line":18},"1":{"name":"(anonymous_1)","decl":{"start":{"line":34,"column":33},"end":{"line":34,"column":34}},"loc":{"start":{"line":34,"column":47},"end":{"line":60,"column":5}},"line":34},"2":{"name":"(anonymous_2)","decl":{"start":{"line":35,"column":50},"end":{"line":35,"column":51}},"loc":{"start":{"line":35,"column":75},"end":{"line":59,"column":13}},"line":35},"3":{"name":"(anonymous_3)","decl":{"start":{"line":36,"column":69},"end":{"line":36,"column":70}},"loc":{"start":{"line":36,"column":87},"end":{"line":58,"column":14}},"line":36},"4":{"name":"(anonymous_4)","decl":{"start":{"line":49,"column":58},"end":{"line":49,"column":59}},"loc":{"start":{"line":49,"column":84},"end":{"line":57,"column":20}},"line":49},"5":{"name":"(anonymous_5)","decl":{"start":{"line":50,"column":64},"end":{"line":50,"column":65}},"loc":{"start":{"line":50,"column":83},"end":{"line":56,"column":21}},"line":50},"6":{"name":"(anonymous_6)","decl":{"start":{"line":75,"column":33},"end":{"line":75,"column":34}},"loc":{"start":{"line":75,"column":53},"end":{"line":90,"column":7}},"line":75},"7":{"name":"(anonymous_7)","decl":{"start":{"line":77,"column":50},"end":{"line":77,"column":51}},"loc":{"start":{"line":77,"column":75},"end":{"line":82,"column":9}},"line":77},"8":{"name":"(anonymous_8)","decl":{"start":{"line":83,"column":50},"end":{"line":83,"column":51}},"loc":{"start":{"line":83,"column":75},"end":{"line":88,"column":9}},"line":83},"9":{"name":"(anonymous_9)","decl":{"start":{"line":105,"column":34},"end":{"line":105,"column":35}},"loc":{"start":{"line":105,"column":48},"end":{"line":141,"column":5}},"line":105},"10":{"name":"(anonymous_10)","decl":{"start":{"line":106,"column":50},"end":{"line":106,"column":51}},"loc":{"start":{"line":106,"column":75},"end":{"line":139,"column":9}},"line":106},"11":{"name":"(anonymous_11)","decl":{"start":{"line":107,"column":99},"end":{"line":107,"column":100}},"loc":{"start":{"line":107,"column":117},"end":{"line":121,"column":13}},"line":107},"12":{"name":"(anonymous_12)","decl":{"start":{"line":122,"column":50},"end":{"line":122,"column":51}},"loc":{"start":{"line":122,"column":75},"end":{"line":138,"column":9}},"line":122},"13":{"name":"(anonymous_13)","decl":{"start":{"line":123,"column":95},"end":{"line":123,"column":96}},"loc":{"start":{"line":123,"column":113},"end":{"line":137,"column":13}},"line":123}},"branchMap":{"0":{"loc":{"start":{"line":38,"column":16},"end":{"line":41,"column":17}},"type":"if","locations":[{"start":{"line":38,"column":16},"end":{"line":41,"column":17}},{"start":{"line":38,"column":16},"end":{"line":41,"column":17}}],"line":38},"1":{"loc":{"start":{"line":52,"column":23},"end":{"line":54,"column":24}},"type":"if","locations":[{"start":{"line":52,"column":23},"end":{"line":54,"column":24}},{"start":{"line":52,"column":23},"end":{"line":54,"column":24}}],"line":52},"2":{"loc":{"start":{"line":108,"column":15},"end":{"line":110,"column":16}},"type":"if","locations":[{"start":{"line":108,"column":15},"end":{"line":110,"column":16}},{"start":{"line":108,"column":15},"end":{"line":110,"column":16}}],"line":108},"3":{"loc":{"start":{"line":112,"column":15},"end":{"line":120,"column":17}},"type":"if","locations":[{"start":{"line":112,"column":15},"end":{"line":120,"column":17}},{"start":{"line":112,"column":15},"end":{"line":120,"column":17}}],"line":112},"4":{"loc":{"start":{"line":124,"column":16},"end":{"line":126,"column":17}},"type":"if","locations":[{"start":{"line":124,"column":16},"end":{"line":126,"column":17}},{"start":{"line":124,"column":16},"end":{"line":126,"column":17}}],"line":124},"5":{"loc":{"start":{"line":128,"column":16},"end":{"line":136,"column":17}},"type":"if","locations":[{"start":{"line":128,"column":16},"end":{"line":136,"column":17}},{"start":{"line":128,"column":16},"end":{"line":136,"column":17}}],"line":128}},"s":{"0":1,"1":1,"2":1,"3":1,"4":1,"5":1,"6":1,"7":1,"8":1,"9":1,"10":1,"11":1,"12":0,"13":0,"14":0,"15":0,"16":0,"17":0,"18":0,"19":0,"20":0,"21":0,"22":0,"23":0,"24":0,"25":1,"26":0,"27":0,"28":0,"29":0,"30":0,"31":1,"32":0,"33":0,"34":0,"35":0,"36":0,"37":0,"38":0,"39":0,"40":0,"41":0,"42":0,"43":0,"44":0,"45":0,"46":0,"47":0,"48":0,"49":1},"f":{"0":1,"1":0,"2":0,"3":0,"4":0,"5":0,"6":0,"7":0,"8":0,"9":0,"10":0,"11":0,"12":0,"13":0},"b":{"0":[0,0],"1":[0,0],"2":[0,0],"3":[0,0],"4":[0,0],"5":[0,0]},"_coverageSchema":"1a1c01bbd47fc00a2c39e90264f33305004495a9","hash":"0f4f30329892876fcc5e92afeac3cfd71506e086","contentHash":"463b1c3c1def02bf8301b5ab066f8240c2a037a74032dd43edad4995e4f40255"},"C:\\Users\\WIN 10\\Documents\\Software Project\\Pacify-BackEnd-Doaa\\Pacify-BackEnd-Doaa\\routes\\likedPlaylists.js":{"path":"C:\\Users\\WIN 10\\Documents\\Software Project\\Pacify-BackEnd-Doaa\\Pacify-BackEnd-Doaa\\routes\\likedPlaylists.js","statementMap":{"0":{"start":{"line":1,"column":17},"end":{"line":1,"column":36}},"1":{"start":{"line":2,"column":15},"end":{"line":2,"column":49}},"2":{"start":{"line":4,"column":21},"end":{"line":4,"column":75}},"3":{"start":{"line":5,"column":0},"end":{"line":5,"column":31}},"4":{"start":{"line":7,"column":16},"end":{"line":7,"column":34}},"5":{"start":{"line":8,"column":19},"end":{"line":8,"column":41}},"6":{"start":{"line":10,"column":13},"end":{"line":10,"column":49}},"7":{"start":{"line":13,"column":29},"end":{"line":43,"column":1}},"8":{"start":{"line":15,"column":4},"end":{"line":15,"column":31}},"9":{"start":{"line":16,"column":4},"end":{"line":16,"column":56}},"10":{"start":{"line":18,"column":4},"end":{"line":42,"column":7}},"11":{"start":{"line":19,"column":8},"end":{"line":41,"column":11}},"12":{"start":{"line":20,"column":12},"end":{"line":40,"column":15}},"13":{"start":{"line":22,"column":16},"end":{"line":24,"column":17}},"14":{"start":{"line":23,"column":20},"end":{"line":23,"column":30}},"15":{"start":{"line":26,"column":16},"end":{"line":26,"column":26}},"16":{"start":{"line":28,"column":16},"end":{"line":28,"column":51}},"17":{"start":{"line":30,"column":16},"end":{"line":32,"column":17}},"18":{"start":{"line":30,"column":29},"end":{"line":30,"column":30}},"19":{"start":{"line":31,"column":20},"end":{"line":31,"column":71}},"20":{"start":{"line":34,"column":16},"end":{"line":39,"column":19}},"21":{"start":{"line":35,"column":20},"end":{"line":38,"column":22}},"22":{"start":{"line":37,"column":24},"end":{"line":37,"column":43}},"23":{"start":{"line":45,"column":0},"end":{"line":45,"column":38}}},"fnMap":{"0":{"name":"(anonymous_0)","decl":{"start":{"line":13,"column":29},"end":{"line":13,"column":30}},"loc":{"start":{"line":13,"column":42},"end":{"line":43,"column":1}},"line":13},"1":{"name":"(anonymous_1)","decl":{"start":{"line":18,"column":37},"end":{"line":18,"column":38}},"loc":{"start":{"line":18,"column":51},"end":{"line":42,"column":5}},"line":18},"2":{"name":"(anonymous_2)","decl":{"start":{"line":19,"column":50},"end":{"line":19,"column":51}},"loc":{"start":{"line":19,"column":75},"end":{"line":41,"column":9}},"line":19},"3":{"name":"(anonymous_3)","decl":{"start":{"line":20,"column":68},"end":{"line":20,"column":69}},"loc":{"start":{"line":20,"column":86},"end":{"line":40,"column":13}},"line":20},"4":{"name":"(anonymous_4)","decl":{"start":{"line":34,"column":62},"end":{"line":34,"column":63}},"loc":{"start":{"line":34,"column":90},"end":{"line":39,"column":17}},"line":34},"5":{"name":"(anonymous_5)","decl":{"start":{"line":35,"column":68},"end":{"line":35,"column":69}},"loc":{"start":{"line":35,"column":87},"end":{"line":38,"column":21}},"line":35}},"branchMap":{"0":{"loc":{"start":{"line":22,"column":16},"end":{"line":24,"column":17}},"type":"if","locations":[{"start":{"line":22,"column":16},"end":{"line":24,"column":17}},{"start":{"line":22,"column":16},"end":{"line":24,"column":17}}],"line":22}},"s":{"0":1,"1":1,"2":1,"3":1,"4":1,"5":1,"6":1,"7":1,"8":1,"9":1,"10":1,"11":0,"12":0,"13":0,"14":0,"15":0,"16":0,"17":0,"18":0,"19":0,"20":0,"21":0,"22":0,"23":1},"f":{"0":1,"1":0,"2":0,"3":0,"4":0,"5":0},"b":{"0":[0,0]},"_coverageSchema":"1a1c01bbd47fc00a2c39e90264f33305004495a9","hash":"dda31135479298260fcf4805d9b7aa75f93b3e55","contentHash":"2cfc8524b4d21df52e80886d50fe7ae106bb48aff67345786d1f0132bb552b47"},"C:\\Users\\WIN 10\\Documents\\Software Project\\Pacify-BackEnd-Doaa\\Pacify-BackEnd-Doaa\\routes\\rateSongs.js":{"path":"C:\\Users\\WIN 10\\Documents\\Software Project\\Pacify-BackEnd-Doaa\\Pacify-BackEnd-Doaa\\routes\\rateSongs.js","statementMap":{"0":{"start":{"line":2,"column":17},"end":{"line":2,"column":36}},"1":{"start":{"line":3,"column":15},"end":{"line":3,"column":49}},"2":{"start":{"line":5,"column":21},"end":{"line":5,"column":75}},"3":{"start":{"line":6,"column":0},"end":{"line":6,"column":31}},"4":{"start":{"line":8,"column":16},"end":{"line":8,"column":34}},"5":{"start":{"line":9,"column":19},"end":{"line":9,"column":41}},"6":{"start":{"line":11,"column":13},"end":{"line":11,"column":49}},"7":{"start":{"line":17,"column":24},"end":{"line":62,"column":1}},"8":{"start":{"line":19,"column":4},"end":{"line":19,"column":31}},"9":{"start":{"line":20,"column":4},"end":{"line":20,"column":56}},"10":{"start":{"line":35,"column":4},"end":{"line":61,"column":7}},"11":{"start":{"line":36,"column":8},"end":{"line":59,"column":11}},"12":{"start":{"line":37,"column":12},"end":{"line":58,"column":15}},"13":{"start":{"line":39,"column":16},"end":{"line":39,"column":46}},"14":{"start":{"line":40,"column":16},"end":{"line":56,"column":17}},"15":{"start":{"line":41,"column":30},"end":{"line":41,"column":57}},"16":{"start":{"line":42,"column":20},"end":{"line":45,"column":22}},"17":{"start":{"line":47,"column":20},"end":{"line":47,"column":56}},"18":{"start":{"line":48,"column":20},"end":{"line":48,"column":32}},"19":{"start":{"line":49,"column":36},"end":{"line":49,"column":72}},"20":{"start":{"line":50,"column":30},"end":{"line":50,"column":49}},"21":{"start":{"line":51,"column":20},"end":{"line":55,"column":22}},"22":{"start":{"line":60,"column":8},"end":{"line":60,"column":18}},"23":{"start":{"line":64,"column":0},"end":{"line":64,"column":33}}},"fnMap":{"0":{"name":"(anonymous_0)","decl":{"start":{"line":17,"column":24},"end":{"line":17,"column":25}},"loc":{"start":{"line":17,"column":37},"end":{"line":62,"column":1}},"line":17},"1":{"name":"(anonymous_1)","decl":{"start":{"line":35,"column":32},"end":{"line":35,"column":33}},"loc":{"start":{"line":35,"column":46},"end":{"line":61,"column":5}},"line":35},"2":{"name":"(anonymous_2)","decl":{"start":{"line":36,"column":51},"end":{"line":36,"column":52}},"loc":{"start":{"line":36,"column":76},"end":{"line":59,"column":9}},"line":36},"3":{"name":"(anonymous_3)","decl":{"start":{"line":38,"column":21},"end":{"line":38,"column":22}},"loc":{"start":{"line":38,"column":36},"end":{"line":58,"column":13}},"line":38}},"branchMap":{"0":{"loc":{"start":{"line":40,"column":16},"end":{"line":56,"column":17}},"type":"if","locations":[{"start":{"line":40,"column":16},"end":{"line":56,"column":17}},{"start":{"line":40,"column":16},"end":{"line":56,"column":17}}],"line":40}},"s":{"0":1,"1":1,"2":1,"3":1,"4":1,"5":1,"6":1,"7":1,"8":1,"9":1,"10":1,"11":0,"12":0,"13":0,"14":0,"15":0,"16":0,"17":0,"18":0,"19":0,"20":0,"21":0,"22":0,"23":1},"f":{"0":1,"1":0,"2":0,"3":0},"b":{"0":[0,0]},"_coverageSchema":"1a1c01bbd47fc00a2c39e90264f33305004495a9","hash":"d39e143e723faaaf3c95040b4bf51e0e046a14d0","contentHash":"f4c3ae2b17d6530234b941243a4ece7327d9ccfc790baaaf8c894029572d2eff"},"C:\\Users\\WIN 10\\Documents\\Software Project\\Pacify-BackEnd-Doaa\\Pacify-BackEnd-Doaa\\routes\\users.js":{"path":"C:\\Users\\WIN 10\\Documents\\Software Project\\Pacify-BackEnd-Doaa\\Pacify-BackEnd-Doaa\\routes\\users.js","statementMap":{"0":{"start":{"line":1,"column":19},"end":{"line":54,"column":1}},"1":{"start":{"line":2,"column":21},"end":{"line":2,"column":40}},"2":{"start":{"line":8,"column":21},"end":{"line":16,"column":5}},"3":{"start":{"line":9,"column":8},"end":{"line":15,"column":11}},"4":{"start":{"line":10,"column":12},"end":{"line":12,"column":13}},"5":{"start":{"line":11,"column":16},"end":{"line":11,"column":26}},"6":{"start":{"line":14,"column":12},"end":{"line":14,"column":59}},"7":{"start":{"line":18,"column":21},"end":{"line":27,"column":5}},"8":{"start":{"line":20,"column":8},"end":{"line":26,"column":11}},"9":{"start":{"line":21,"column":12},"end":{"line":23,"column":13}},"10":{"start":{"line":22,"column":16},"end":{"line":22,"column":26}},"11":{"start":{"line":25,"column":12},"end":{"line":25,"column":23}},"12":{"start":{"line":30,"column":4},"end":{"line":38,"column":7}},"13":{"start":{"line":31,"column":8},"end":{"line":37,"column":11}},"14":{"start":{"line":32,"column":12},"end":{"line":34,"column":13}},"15":{"start":{"line":33,"column":16},"end":{"line":33,"column":26}},"16":{"start":{"line":36,"column":12},"end":{"line":36,"column":39}},"17":{"start":{"line":39,"column":4},"end":{"line":53,"column":7}},"18":{"start":{"line":41,"column":8},"end":{"line":52,"column":18}},"19":{"start":{"line":42,"column":30},"end":{"line":42,"column":58}},"20":{"start":{"line":45,"column":12},"end":{"line":45,"column":33}},"21":{"start":{"line":46,"column":12},"end":{"line":46,"column":56}},"22":{"start":{"line":48,"column":12},"end":{"line":50,"column":15}},"23":{"start":{"line":49,"column":16},"end":{"line":49,"column":55}},"24":{"start":{"line":56,"column":0},"end":{"line":56,"column":28}}},"fnMap":{"0":{"name":"(anonymous_0)","decl":{"start":{"line":1,"column":19},"end":{"line":1,"column":20}},"loc":{"start":{"line":1,"column":32},"end":{"line":54,"column":1}},"line":1},"1":{"name":"(anonymous_1)","decl":{"start":{"line":8,"column":21},"end":{"line":8,"column":22}},"loc":{"start":{"line":8,"column":95},"end":{"line":16,"column":5}},"line":8},"2":{"name":"(anonymous_2)","decl":{"start":{"line":9,"column":40},"end":{"line":9,"column":41}},"loc":{"start":{"line":9,"column":55},"end":{"line":15,"column":9}},"line":9},"3":{"name":"(anonymous_3)","decl":{"start":{"line":18,"column":21},"end":{"line":18,"column":22}},"loc":{"start":{"line":18,"column":85},"end":{"line":27,"column":5}},"line":18},"4":{"name":"(anonymous_4)","decl":{"start":{"line":20,"column":51},"end":{"line":20,"column":52}},"loc":{"start":{"line":20,"column":60},"end":{"line":26,"column":9}},"line":20},"5":{"name":"(anonymous_5)","decl":{"start":{"line":30,"column":22},"end":{"line":30,"column":23}},"loc":{"start":{"line":30,"column":36},"end":{"line":38,"column":5}},"line":30},"6":{"name":"(anonymous_6)","decl":{"start":{"line":31,"column":38},"end":{"line":31,"column":39}},"loc":{"start":{"line":31,"column":53},"end":{"line":37,"column":9}},"line":31},"7":{"name":"(anonymous_7)","decl":{"start":{"line":39,"column":23},"end":{"line":39,"column":24}},"loc":{"start":{"line":39,"column":37},"end":{"line":53,"column":5}},"line":39},"8":{"name":"(anonymous_8)","decl":{"start":{"line":41,"column":17},"end":{"line":41,"column":18}},"loc":{"start":{"line":41,"column":25},"end":{"line":51,"column":9}},"line":41},"9":{"name":"(anonymous_9)","decl":{"start":{"line":48,"column":53},"end":{"line":48,"column":54}},"loc":{"start":{"line":48,"column":59},"end":{"line":50,"column":13}},"line":48}},"branchMap":{"0":{"loc":{"start":{"line":8,"column":32},"end":{"line":8,"column":50}},"type":"default-arg","locations":[{"start":{"line":8,"column":45},"end":{"line":8,"column":50}}],"line":8},"1":{"loc":{"start":{"line":8,"column":52},"end":{"line":8,"column":71}},"type":"default-arg","locations":[{"start":{"line":8,"column":63},"end":{"line":8,"column":71}}],"line":8},"2":{"loc":{"start":{"line":8,"column":73},"end":{"line":8,"column":90}},"type":"default-arg","locations":[{"start":{"line":8,"column":84},"end":{"line":8,"column":90}}],"line":8},"3":{"loc":{"start":{"line":10,"column":12},"end":{"line":12,"column":13}},"type":"if","locations":[{"start":{"line":10,"column":12},"end":{"line":12,"column":13}},{"start":{"line":10,"column":12},"end":{"line":12,"column":13}}],"line":10},"4":{"loc":{"start":{"line":14,"column":21},"end":{"line":14,"column":57}},"type":"cond-expr","locations":[{"start":{"line":14,"column":34},"end":{"line":14,"column":50}},{"start":{"line":14,"column":53},"end":{"line":14,"column":57}}],"line":14},"5":{"loc":{"start":{"line":18,"column":42},"end":{"line":18,"column":61}},"type":"default-arg","locations":[{"start":{"line":18,"column":53},"end":{"line":18,"column":61}}],"line":18},"6":{"loc":{"start":{"line":18,"column":63},"end":{"line":18,"column":80}},"type":"default-arg","locations":[{"start":{"line":18,"column":74},"end":{"line":18,"column":80}}],"line":18},"7":{"loc":{"start":{"line":21,"column":12},"end":{"line":23,"column":13}},"type":"if","locations":[{"start":{"line":21,"column":12},"end":{"line":23,"column":13}},{"start":{"line":21,"column":12},"end":{"line":23,"column":13}}],"line":21},"8":{"loc":{"start":{"line":32,"column":12},"end":{"line":34,"column":13}},"type":"if","locations":[{"start":{"line":32,"column":12},"end":{"line":34,"column":13}},{"start":{"line":32,"column":12},"end":{"line":34,"column":13}}],"line":32}},"s":{"0":1,"1":1,"2":1,"3":0,"4":0,"5":0,"6":0,"7":1,"8":0,"9":0,"10":0,"11":0,"12":1,"13":0,"14":0,"15":0,"16":0,"17":1,"18":0,"19":0,"20":0,"21":0,"22":0,"23":0,"24":1},"f":{"0":1,"1":0,"2":0,"3":0,"4":0,"5":0,"6":0,"7":0,"8":0,"9":0},"b":{"0":[0],"1":[0],"2":[0],"3":[0,0],"4":[0,0],"5":[0],"6":[0],"7":[0,0],"8":[0,0]},"_coverageSchema":"1a1c01bbd47fc00a2c39e90264f33305004495a9","hash":"ef09e5bfea8d5d863518d267c49966e6621eebd5","contentHash":"ef43a893124344643753507846e8f1b9aae2591ddf9d195847af90f6cc210d5a"},"C:\\Users\\WIN 10\\Documents\\Software Project\\Pacify-BackEnd-Doaa\\Pacify-BackEnd-Doaa\\routes\\createSong.js":{"path":"C:\\Users\\WIN 10\\Documents\\Software Project\\Pacify-BackEnd-Doaa\\Pacify-BackEnd-Doaa\\routes\\createSong.js","statementMap":{"0":{"start":{"line":1,"column":17},"end":{"line":1,"column":36}},"1":{"start":{"line":2,"column":15},"end":{"line":2,"column":49}},"2":{"start":{"line":4,"column":21},"end":{"line":4,"column":75}},"3":{"start":{"line":5,"column":0},"end":{"line":5,"column":31}},"4":{"start":{"line":7,"column":16},"end":{"line":7,"column":34}},"5":{"start":{"line":8,"column":19},"end":{"line":8,"column":41}},"6":{"start":{"line":10,"column":13},"end":{"line":10,"column":49}},"7":{"start":{"line":15,"column":25},"end":{"line":75,"column":1}},"8":{"start":{"line":16,"column":2},"end":{"line":16,"column":29}},"9":{"start":{"line":17,"column":2},"end":{"line":17,"column":54}},"10":{"start":{"line":37,"column":2},"end":{"line":74,"column":5}},"11":{"start":{"line":38,"column":4},"end":{"line":72,"column":9}},"12":{"start":{"line":39,"column":6},"end":{"line":41,"column":7}},"13":{"start":{"line":40,"column":8},"end":{"line":40,"column":18}},"14":{"start":{"line":42,"column":6},"end":{"line":66,"column":9}},"15":{"start":{"line":43,"column":8},"end":{"line":65,"column":9}},"16":{"start":{"line":44,"column":10},"end":{"line":44,"column":19}},"17":{"start":{"line":46,"column":10},"end":{"line":64,"column":13}},"18":{"start":{"line":47,"column":12},"end":{"line":49,"column":13}},"19":{"start":{"line":48,"column":16},"end":{"line":48,"column":26}},"20":{"start":{"line":51,"column":26},"end":{"line":57,"column":14}},"21":{"start":{"line":59,"column":12},"end":{"line":63,"column":15}},"22":{"start":{"line":60,"column":14},"end":{"line":62,"column":15}},"23":{"start":{"line":61,"column":16},"end":{"line":61,"column":26}},"24":{"start":{"line":68,"column":6},"end":{"line":71,"column":8}},"25":{"start":{"line":73,"column":6},"end":{"line":73,"column":35}},"26":{"start":{"line":76,"column":0},"end":{"line":76,"column":34}}},"fnMap":{"0":{"name":"(anonymous_0)","decl":{"start":{"line":15,"column":25},"end":{"line":15,"column":26}},"loc":{"start":{"line":15,"column":44},"end":{"line":75,"column":1}},"line":15},"1":{"name":"(anonymous_1)","decl":{"start":{"line":37,"column":32},"end":{"line":37,"column":33}},"loc":{"start":{"line":37,"column":50},"end":{"line":74,"column":3}},"line":37},"2":{"name":"(anonymous_2)","decl":{"start":{"line":38,"column":47},"end":{"line":38,"column":48}},"loc":{"start":{"line":38,"column":73},"end":{"line":72,"column":7}},"line":38},"3":{"name":"(anonymous_3)","decl":{"start":{"line":42,"column":80},"end":{"line":42,"column":81}},"loc":{"start":{"line":42,"column":99},"end":{"line":66,"column":7}},"line":42},"4":{"name":"(anonymous_4)","decl":{"start":{"line":46,"column":53},"end":{"line":46,"column":54}},"loc":{"start":{"line":46,"column":78},"end":{"line":64,"column":11}},"line":46},"5":{"name":"(anonymous_5)","decl":{"start":{"line":59,"column":25},"end":{"line":59,"column":26}},"loc":{"start":{"line":59,"column":47},"end":{"line":63,"column":13}},"line":59}},"branchMap":{"0":{"loc":{"start":{"line":39,"column":6},"end":{"line":41,"column":7}},"type":"if","locations":[{"start":{"line":39,"column":6},"end":{"line":41,"column":7}},{"start":{"line":39,"column":6},"end":{"line":41,"column":7}}],"line":39},"1":{"loc":{"start":{"line":43,"column":8},"end":{"line":65,"column":9}},"type":"if","locations":[{"start":{"line":43,"column":8},"end":{"line":65,"column":9}},{"start":{"line":43,"column":8},"end":{"line":65,"column":9}}],"line":43},"2":{"loc":{"start":{"line":47,"column":12},"end":{"line":49,"column":13}},"type":"if","locations":[{"start":{"line":47,"column":12},"end":{"line":49,"column":13}},{"start":{"line":47,"column":12},"end":{"line":49,"column":13}}],"line":47},"3":{"loc":{"start":{"line":60,"column":14},"end":{"line":62,"column":15}},"type":"if","locations":[{"start":{"line":60,"column":14},"end":{"line":62,"column":15}},{"start":{"line":60,"column":14},"end":{"line":62,"column":15}}],"line":60}},"s":{"0":1,"1":1,"2":1,"3":1,"4":1,"5":1,"6":1,"7":1,"8":1,"9":1,"10":1,"11":0,"12":0,"13":0,"14":0,"15":0,"16":0,"17":0,"18":0,"19":0,"20":0,"21":0,"22":0,"23":0,"24":0,"25":0,"26":1},"f":{"0":1,"1":0,"2":0,"3":0,"4":0,"5":0},"b":{"0":[0,0],"1":[0,0],"2":[0,0],"3":[0,0]},"_coverageSchema":"1a1c01bbd47fc00a2c39e90264f33305004495a9","hash":"66707d1d6545375de64c1978c42bd8f24aece79b","contentHash":"64f3b4d0a57b32af21b8f1da61b847679d0a74ec121eccb8da309323db6ce838"},"C:\\Users\\WIN 10\\Documents\\Software Project\\Pacify-BackEnd-Doaa\\Pacify-BackEnd-Doaa\\routes\\createAlbum.js":{"path":"C:\\Users\\WIN 10\\Documents\\Software Project\\Pacify-BackEnd-Doaa\\Pacify-BackEnd-Doaa\\routes\\createAlbum.js","statementMap":{"0":{"start":{"line":1,"column":17},"end":{"line":1,"column":36}},"1":{"start":{"line":2,"column":15},"end":{"line":2,"column":49}},"2":{"start":{"line":4,"column":21},"end":{"line":4,"column":75}},"3":{"start":{"line":5,"column":0},"end":{"line":5,"column":31}},"4":{"start":{"line":7,"column":16},"end":{"line":7,"column":34}},"5":{"start":{"line":8,"column":19},"end":{"line":8,"column":41}},"6":{"start":{"line":9,"column":13},"end":{"line":9,"column":49}},"7":{"start":{"line":11,"column":12},"end":{"line":11,"column":53}},"8":{"start":{"line":17,"column":26},"end":{"line":74,"column":1}},"9":{"start":{"line":18,"column":4},"end":{"line":18,"column":31}},"10":{"start":{"line":19,"column":4},"end":{"line":19,"column":56}},"11":{"start":{"line":37,"column":4},"end":{"line":73,"column":7}},"12":{"start":{"line":39,"column":8},"end":{"line":71,"column":11}},"13":{"start":{"line":40,"column":12},"end":{"line":42,"column":13}},"14":{"start":{"line":41,"column":16},"end":{"line":41,"column":26}},"15":{"start":{"line":43,"column":12},"end":{"line":70,"column":15}},"16":{"start":{"line":45,"column":16},"end":{"line":65,"column":17}},"17":{"start":{"line":46,"column":20},"end":{"line":46,"column":29}},"18":{"start":{"line":48,"column":20},"end":{"line":64,"column":23}},"19":{"start":{"line":49,"column":24},"end":{"line":51,"column":25}},"20":{"start":{"line":50,"column":28},"end":{"line":50,"column":38}},"21":{"start":{"line":53,"column":37},"end":{"line":57,"column":26}},"22":{"start":{"line":59,"column":24},"end":{"line":63,"column":27}},"23":{"start":{"line":60,"column":28},"end":{"line":62,"column":29}},"24":{"start":{"line":61,"column":30},"end":{"line":61,"column":40}},"25":{"start":{"line":66,"column":16},"end":{"line":69,"column":18}},"26":{"start":{"line":72,"column":8},"end":{"line":72,"column":38}},"27":{"start":{"line":75,"column":0},"end":{"line":75,"column":35}}},"fnMap":{"0":{"name":"(anonymous_0)","decl":{"start":{"line":17,"column":26},"end":{"line":17,"column":27}},"loc":{"start":{"line":17,"column":39},"end":{"line":74,"column":1}},"line":17},"1":{"name":"(anonymous_1)","decl":{"start":{"line":37,"column":35},"end":{"line":37,"column":36}},"loc":{"start":{"line":37,"column":53},"end":{"line":73,"column":5}},"line":37},"2":{"name":"(anonymous_2)","decl":{"start":{"line":39,"column":51},"end":{"line":39,"column":52}},"loc":{"start":{"line":39,"column":77},"end":{"line":71,"column":9}},"line":39},"3":{"name":"(anonymous_3)","decl":{"start":{"line":43,"column":87},"end":{"line":43,"column":88}},"loc":{"start":{"line":43,"column":106},"end":{"line":70,"column":13}},"line":43},"4":{"name":"(anonymous_4)","decl":{"start":{"line":48,"column":64},"end":{"line":48,"column":65}},"loc":{"start":{"line":48,"column":89},"end":{"line":64,"column":21}},"line":48},"5":{"name":"(anonymous_5)","decl":{"start":{"line":59,"column":36},"end":{"line":59,"column":37}},"loc":{"start":{"line":59,"column":58},"end":{"line":63,"column":25}},"line":59}},"branchMap":{"0":{"loc":{"start":{"line":40,"column":12},"end":{"line":42,"column":13}},"type":"if","locations":[{"start":{"line":40,"column":12},"end":{"line":42,"column":13}},{"start":{"line":40,"column":12},"end":{"line":42,"column":13}}],"line":40},"1":{"loc":{"start":{"line":45,"column":16},"end":{"line":65,"column":17}},"type":"if","locations":[{"start":{"line":45,"column":16},"end":{"line":65,"column":17}},{"start":{"line":45,"column":16},"end":{"line":65,"column":17}}],"line":45},"2":{"loc":{"start":{"line":49,"column":24},"end":{"line":51,"column":25}},"type":"if","locations":[{"start":{"line":49,"column":24},"end":{"line":51,"column":25}},{"start":{"line":49,"column":24},"end":{"line":51,"column":25}}],"line":49},"3":{"loc":{"start":{"line":60,"column":28},"end":{"line":62,"column":29}},"type":"if","locations":[{"start":{"line":60,"column":28},"end":{"line":62,"column":29}},{"start":{"line":60,"column":28},"end":{"line":62,"column":29}}],"line":60}},"s":{"0":1,"1":1,"2":1,"3":1,"4":1,"5":1,"6":1,"7":1,"8":1,"9":1,"10":1,"11":1,"12":0,"13":0,"14":0,"15":0,"16":0,"17":0,"18":0,"19":0,"20":0,"21":0,"22":0,"23":0,"24":0,"25":0,"26":0,"27":1},"f":{"0":1,"1":0,"2":0,"3":0,"4":0,"5":0},"b":{"0":[0,0],"1":[0,0],"2":[0,0],"3":[0,0]},"_coverageSchema":"1a1c01bbd47fc00a2c39e90264f33305004495a9","hash":"8e292a723af771eb6ef9bef5dde7f632fe873019","contentHash":"85fcbfa17f804e881e8d4a21a6282a338310a9cb0a60ff853595572210477d54"},"C:\\Users\\WIN 10\\Documents\\Software Project\\Pacify-BackEnd-Doaa\\Pacify-BackEnd-Doaa\\Database Seeds\\models\\album.js":{"path":"C:\\Users\\WIN 10\\Documents\\Software Project\\Pacify-BackEnd-Doaa\\Pacify-BackEnd-Doaa\\Database Seeds\\models\\album.js","statementMap":{"0":{"start":{"line":1,"column":15},"end":{"line":1,"column":34}},"1":{"start":{"line":2,"column":13},"end":{"line":2,"column":28}},"2":{"start":{"line":4,"column":13},"end":{"line":16,"column":2}},"3":{"start":{"line":18,"column":0},"end":{"line":18,"column":49}}},"fnMap":{},"branchMap":{},"s":{"0":1,"1":1,"2":1,"3":1},"f":{},"b":{},"_coverageSchema":"1a1c01bbd47fc00a2c39e90264f33305004495a9","hash":"c2bf1d4405c35fc84fdb7e60d26cb8ad346ad64a","contentHash":"2992e12a3457e94fee14bbfbfbb6eb1a6e78ac128866ad0e96f9463994648249"},"C:\\Users\\WIN 10\\Documents\\Software Project\\Pacify-BackEnd-Doaa\\Pacify-BackEnd-Doaa\\routes\\getSongUploads.js":{"path":"C:\\Users\\WIN 10\\Documents\\Software Project\\Pacify-BackEnd-Doaa\\Pacify-BackEnd-Doaa\\routes\\getSongUploads.js","statementMap":{"0":{"start":{"line":1,"column":17},"end":{"line":1,"column":36}},"1":{"start":{"line":2,"column":15},"end":{"line":2,"column":49}},"2":{"start":{"line":4,"column":21},"end":{"line":4,"column":75}},"3":{"start":{"line":5,"column":0},"end":{"line":5,"column":31}},"4":{"start":{"line":7,"column":16},"end":{"line":7,"column":34}},"5":{"start":{"line":8,"column":19},"end":{"line":8,"column":41}},"6":{"start":{"line":10,"column":13},"end":{"line":10,"column":49}},"7":{"start":{"line":16,"column":28},"end":{"line":60,"column":1}},"8":{"start":{"line":18,"column":4},"end":{"line":18,"column":31}},"9":{"start":{"line":19,"column":4},"end":{"line":19,"column":56}},"10":{"start":{"line":32,"column":4},"end":{"line":59,"column":7}},"11":{"start":{"line":33,"column":8},"end":{"line":58,"column":15}},"12":{"start":{"line":34,"column":12},"end":{"line":36,"column":13}},"13":{"start":{"line":35,"column":16},"end":{"line":35,"column":26}},"14":{"start":{"line":37,"column":13},"end":{"line":57,"column":16}},"15":{"start":{"line":39,"column":16},"end":{"line":42,"column":17}},"16":{"start":{"line":40,"column":20},"end":{"line":40,"column":30}},"17":{"start":{"line":44,"column":16},"end":{"line":44,"column":24}},"18":{"start":{"line":47,"column":16},"end":{"line":47,"column":41}},"19":{"start":{"line":48,"column":16},"end":{"line":56,"column":22}},"20":{"start":{"line":49,"column":20},"end":{"line":55,"column":23}},"21":{"start":{"line":51,"column":23},"end":{"line":53,"column":24}},"22":{"start":{"line":52,"column":27},"end":{"line":52,"column":37}},"23":{"start":{"line":54,"column":23},"end":{"line":54,"column":39}},"24":{"start":{"line":61,"column":0},"end":{"line":61,"column":38}}},"fnMap":{"0":{"name":"(anonymous_0)","decl":{"start":{"line":16,"column":28},"end":{"line":16,"column":29}},"loc":{"start":{"line":16,"column":41},"end":{"line":60,"column":1}},"line":16},"1":{"name":"(anonymous_1)","decl":{"start":{"line":32,"column":37},"end":{"line":32,"column":38}},"loc":{"start":{"line":32,"column":51},"end":{"line":59,"column":5}},"line":32},"2":{"name":"(anonymous_2)","decl":{"start":{"line":33,"column":50},"end":{"line":33,"column":51}},"loc":{"start":{"line":33,"column":75},"end":{"line":58,"column"
[...]
End-Doaa\\Pacify-BackEnd-Doaa\\routes\\likePlaylist.js","statementMap":{"0":{"start":{"line":1,"column":16},"end":{"line":1,"column":34}},"1":{"start":{"line":2,"column":12},"end":{"line":2,"column":35}},"2":{"start":{"line":3,"column":19},"end":{"line":3,"column":41}},"3":{"start":{"line":4,"column":12},"end":{"line":4,"column":21}},"4":{"start":{"line":5,"column":11},"end":{"line":5,"column":24}},"5":{"start":{"line":6,"column":17},"end":{"line":6,"column":37}},"6":{"start":{"line":7,"column":13},"end":{"line":7,"column":49}},"7":{"start":{"line":8,"column":16},"end":{"line":8,"column":57}},"8":{"start":{"line":10,"column":15},"end":{"line":10,"column":49}},"9":{"start":{"line":12,"column":0},"end":{"line":12,"column":36}},"10":{"start":{"line":13,"column":0},"end":{"line":13,"column":51}},"11":{"start":{"line":15,"column":0},"end":{"line":15,"column":57}},"12":{"start":{"line":21,"column":26},"end":{"line":77,"column":1}},"13":{"start":{"line":32,"column":2},"end":{"line":76,"column":5}},"14":{"start":{"line":34,"column":4},"end":{"line":38,"column":5}},"15":{"start":{"line":35,"column":6},"end":{"line":35,"column":30}},"16":{"start":{"line":37,"column":6},"end":{"line":37,"column":25}},"17":{"start":{"line":39,"column":4},"end":{"line":75,"column":7}},"18":{"start":{"line":40,"column":6},"end":{"line":74,"column":9}},"19":{"start":{"line":42,"column":8},"end":{"line":73,"column":9}},"20":{"start":{"line":43,"column":10},"end":{"line":43,"column":30}},"21":{"start":{"line":45,"column":32},"end":{"line":45,"column":37}},"22":{"start":{"line":46,"column":24},"end":{"line":46,"column":27}},"23":{"start":{"line":47,"column":24},"end":{"line":47,"column":27}},"24":{"start":{"line":48,"column":27},"end":{"line":48,"column":29}},"25":{"start":{"line":49,"column":10},"end":{"line":56,"column":11}},"26":{"start":{"line":50,"column":12},"end":{"line":50,"column":61}},"27":{"start":{"line":51,"column":12},"end":{"line":51,"column":49}},"28":{"start":{"line":52,"column":12},"end":{"line":52,"column":56}},"29":{"start":{"line":53,"column":12},"end":{"line":55,"column":13}},"30":{"start":{"line":54,"column":14},"end":{"line":54,"column":37}},"31":{"start":{"line":57,"column":10},"end":{"line":72,"column":11}},"32":{"start":{"line":58,"column":12},"end":{"line":58,"column":102}},"33":{"start":{"line":59,"column":12},"end":{"line":63,"column":14}},"34":{"start":{"line":60,"column":14},"end":{"line":62,"column":17}},"35":{"start":{"line":65,"column":12},"end":{"line":71,"column":14}},"36":{"start":{"line":66,"column":14},"end":{"line":70,"column":16}},"37":{"start":{"line":67,"column":16},"end":{"line":69,"column":19}},"38":{"start":{"line":79,"column":0},"end":{"line":79,"column":35}}},"fnMap":{"0":{"name":"(anonymous_0)","decl":{"start":{"line":21,"column":26},"end":{"line":21,"column":27}},"loc":{"start":{"line":21,"column":80},"end":{"line":77,"column":1}},"line":21},"1":{"name":"(anonymous_1)","decl":{"start":{"line":32,"column":33},"end":{"line":32,"column":34}},"loc":{"start":{"line":32,"column":47},"end":{"line":76,"column":3}},"line":32},"2":{"name":"(anonymous_2)","decl":{"start":{"line":39,"column":47},"end":{"line":39,"column":48}},"loc":{"start":{"line":39,"column":66},"end":{"line":75,"column":5}},"line":39},"3":{"name":"(anonymous_3)","decl":{"start":{"line":41,"column":15},"end":{"line":41,"column":16}},"loc":{"start":{"line":41,"column":30},"end":{"line":74,"column":7}},"line":41},"4":{"name":"(anonymous_4)","decl":{"start":{"line":58,"column":93},"end":{"line":58,"column":94}},"loc":{"start":{"line":58,"column":99},"end":{"line":58,"column":101}},"line":58},"5":{"name":"(anonymous_5)","decl":{"start":{"line":59,"column":103},"end":{"line":59,"column":104}},"loc":{"start":{"line":59,"column":109},"end":{"line":63,"column":13}},"line":59},"6":{"name":"(anonymous_6)","decl":{"start":{"line":65,"column":93},"end":{"line":65,"column":94}},"loc":{"start":{"line":65,"column":99},"end":{"line":71,"column":13}},"line":65},"7":{"name":"(anonymous_7)","decl":{"start":{"line":66,"column":105},"end":{"line":66,"column":106}},"loc":{"start":{"line":66,"column":111},"end":{"line":70,"column":15}},"line":66}},"branchMap":{"0":{"loc":{"start":{"line":34,"column":4},"end":{"line":38,"column":5}},"type":"if","locations":[{"start":{"line":34,"column":4},"end":{"line":38,"column":5}},{"start":{"line":34,"column":4},"end":{"line":38,"column":5}}],"line":34},"1":{"loc":{"start":{"line":42,"column":8},"end":{"line":73,"column":9}},"type":"if","locations":[{"start":{"line":42,"column":8},"end":{"line":73,"column":9}},{"start":{"line":42,"column":8},"end":{"line":73,"column":9}}],"line":42},"2":{"loc":{"start":{"line":53,"column":12},"end":{"line":55,"column":13}},"type":"if","locations":[{"start":{"line":53,"column":12},"end":{"line":55,"column":13}},{"start":{"line":53,"column":12},"end":{"line":55,"column":13}}],"line":53},"3":{"loc":{"start":{"line":57,"column":10},"end":{"line":72,"column":11}},"type":"if","locations":[{"start":{"line":57,"column":10},"end":{"line":72,"column":11}},{"start":{"line":57,"column":10},"end":{"line":72,"column":11}}],"line":57}},"s":{"0":1,"1":1,"2":1,"3":1,"4":1,"5":1,"6":1,"7":1,"8":1,"9":1,"10":1,"11":1,"12":1,"13":1,"14":2,"15":2,"16":0,"17":2,"18":2,"19":2,"20":0,"21":2,"22":2,"23":2,"24":2,"25":2,"26":1,"27":1,"28":1,"29":1,"30":1,"31":2,"32":1,"33":1,"34":1,"35":1,"36":1,"37":1,"38":1},"f":{"0":1,"1":2,"2":2,"3":2,"4":1,"5":1,"6":1,"7":1},"b":{"0":[2,0],"1":[0,2],"2":[1,0],"3":[1,1]},"_coverageSchema":"1a1c01bbd47fc00a2c39e90264f33305004495a9","hash":"5e8827c6da4221de14df785c23c0642526147023","contentHash":"7ca16c4330e6e574a0443fccfa571a741a0dda5255ff9caae698abad3a7beb9c"},"C:\\Users\\WIN 10\\Documents\\Software Project\\Pacify-BackEnd-Doaa\\Pacify-BackEnd-Doaa\\routes\\deletePlaylist.js":{"path":"C:\\Users\\WIN 10\\Documents\\Software Project\\Pacify-BackEnd-Doaa\\Pacify-BackEnd-Doaa\\routes\\deletePlaylist.js","statementMap":{"0":{"start":{"line":1,"column":16},"end":{"line":1,"column":34}},"1":{"start":{"line":2,"column":12},"end":{"line":2,"column":35}},"2":{"start":{"line":3,"column":19},"end":{"line":3,"column":41}},"3":{"start":{"line":4,"column":12},"end":{"line":4,"column":21}},"4":{"start":{"line":5,"column":11},"end":{"line":5,"column":24}},"5":{"start":{"line":6,"column":17},"end":{"line":6,"column":37}},"6":{"start":{"line":7,"column":16},"end":{"line":7,"column":57}},"7":{"start":{"line":9,"column":15},"end":{"line":9,"column":49}},"8":{"start":{"line":11,"column":0},"end":{"line":11,"column":36}},"9":{"start":{"line":12,"column":0},"end":{"line":12,"column":51}},"10":{"start":{"line":14,"column":0},"end":{"line":14,"column":57}},"11":{"start":{"line":20,"column":28},"end":{"line":39,"column":1}},"12":{"start":{"line":22,"column":2},"end":{"line":22,"column":64}},"13":{"start":{"line":35,"column":4},"end":{"line":37,"column":19}},"14":{"start":{"line":36,"column":6},"end":{"line":36,"column":37}},"15":{"start":{"line":41,"column":0},"end":{"line":41,"column":37}}},"fnMap":{"0":{"name":"(anonymous_0)","decl":{"start":{"line":20,"column":28},"end":{"line":20,"column":29}},"loc":{"start":{"line":20,"column":82},"end":{"line":39,"column":1}},"line":20},"1":{"name":"deletePlaylist","decl":{"start":{"line":34,"column":11},"end":{"line":34,"column":25}},"loc":{"start":{"line":34,"column":42},"end":{"line":38,"column":3}},"line":34},"2":{"name":"(anonymous_2)","decl":{"start":{"line":35,"column":71},"end":{"line":35,"column":72}},"loc":{"start":{"line":35,"column":85},"end":{"line":37,"column":5}},"line":35}},"branchMap":{},"s":{"0":1,"1":1,"2":1,"3":1,"4":1,"5":1,"6":1,"7":1,"8":1,"9":1,"10":1,"11":1,"12":1,"13":1,"14":1,"15":1},"f":{"0":1,"1":1,"2":1},"b":{},"_coverageSchema":"1a1c01bbd47fc00a2c39e90264f33305004495a9","hash":"a2ecaeb89b4f9f13a7249a0f321594e41ea5195b","contentHash":"943680ab072cacbaf91dc96e72572de64b5d27c56adb4f62d9b818813d01ddbe"},"C:\\Users\\WIN 10\\Documents\\Software Project\\Pacify-BackEnd-Doaa\\Pacify-BackEnd-Doaa\\routes\\deleteSongFromPlaylist.js":{"path":"C:\\Users\\WIN 10\\Documents\\Software Project\\Pacify-BackEnd-Doaa\\Pacify-BackEnd-Doaa\\routes\\deleteSongFromPlaylist.js","statementMap":{"0":{"start":{"line":1,"column":16},"end":{"line":1,"column":34}},"1":{"start":{"line":2,"column":12},"end":{"line":2,"column":35}},"2":{"start":{"line":3,"column":19},"end":{"line":3,"column":41}},"3":{"start":{"line":4,"column":12},"end":{"line":4,"column":21}},"4":{"start":{"line":5,"column":11},"end":{"line":5,"column":24}},"5":{"start":{"line":6,"column":17},"end":{"line":6,"column":37}},"6":{"start":{"line":7,"column":16},"end":{"line":7,"column":57}},"7":{"start":{"line":9,"column":15},"end":{"line":9,"column":49}},"8":{"start":{"line":11,"column":0},"end":{"line":11,"column":36}},"9":{"start":{"line":12,"column":0},"end":{"line":12,"column":51}},"10":{"start":{"line":14,"column":0},"end":{"line":14,"column":57}},"11":{"start":{"line":20,"column":36},"end":{"line":43,"column":1}},"12":{"start":{"line":22,"column":2},"end":{"line":22,"column":85}},"13":{"start":{"line":36,"column":4},"end":{"line":41,"column":18}},"14":{"start":{"line":37,"column":6},"end":{"line":37,"column":26}},"15":{"start":{"line":38,"column":6},"end":{"line":40,"column":8}},"16":{"start":{"line":39,"column":10},"end":{"line":39,"column":40}},"17":{"start":{"line":45,"column":0},"end":{"line":45,"column":45}}},"fnMap":{"0":{"name":"(anonymous_0)","decl":{"start":{"line":20,"column":36},"end":{"line":20,"column":37}},"loc":{"start":{"line":20,"column":90},"end":{"line":43,"column":1}},"line":20},"1":{"name":"deleteSongFromPlaylist","decl":{"start":{"line":34,"column":11},"end":{"line":34,"column":33}},"loc":{"start":{"line":34,"column":50},"end":{"line":42,"column":3}},"line":34},"2":{"name":"(anonymous_2)","decl":{"start":{"line":36,"column":53},"end":{"line":36,"column":54}},"loc":{"start":{"line":36,"column":63},"end":{"line":41,"column":5}},"line":36},"3":{"name":"(anonymous_3)","decl":{"start":{"line":38,"column":101},"end":{"line":38,"column":102}},"loc":{"start":{"line":38,"column":107},"end":{"line":40,"column":7}},"line":38}},"branchMap":{},"s":{"0":1,"1":1,"2":1,"3":1,"4":1,"5":1,"6":1,"7":1,"8":1,"9":1,"10":1,"11":1,"12":1,"13":1,"14":1,"15":1,"16":1,"17":1},"f":{"0":1,"1":1,"2":1,"3":1},"b":{},"_coverageSchema":"1a1c01bbd47fc00a2c39e90264f33305004495a9","hash":"10c417ac113fb8b474682944a430335c87a5ef4d","contentHash":"b1dba751aa96ab63618cc8345be9460d83d64ea218beae38523c7f73fddfe157"},"C:\\Users\\WIN 10\\Documents\\Software Project\\Pacify-BackEnd-Doaa\\Pacify-BackEnd-Doaa\\routes\\downloadApkFile.js":{"path":"C:\\Users\\WIN 10\\Documents\\Software Project\\Pacify-BackEnd-Doaa\\Pacify-BackEnd-Doaa\\routes\\downloadApkFile.js","statementMap":{"0":{"start":{"line":1,"column":16},"end":{"line":1,"column":34}},"1":{"start":{"line":2,"column":12},"end":{"line":2,"column":35}},"2":{"start":{"line":3,"column":19},"end":{"line":3,"column":41}},"3":{"start":{"line":4,"column":12},"end":{"line":4,"column":21}},"4":{"start":{"line":5,"column":11},"end":{"line":5,"column":24}},"5":{"start":{"line":6,"column":17},"end":{"line":6,"column":37}},"6":{"start":{"line":7,"column":16},"end":{"line":7,"column":57}},"7":{"start":{"line":9,"column":15},"end":{"line":9,"column":49}},"8":{"start":{"line":11,"column":0},"end":{"line":11,"column":36}},"9":{"start":{"line":12,"column":0},"end":{"line":12,"column":51}},"10":{"start":{"line":14,"column":0},"end":{"line":14,"column":57}},"11":{"start":{"line":20,"column":29},"end":{"line":38,"column":1}},"12":{"start":{"line":22,"column":2},"end":{"line":22,"column":39}},"13":{"start":{"line":36,"column":4},"end":{"line":36,"column":54}},"14":{"start":{"line":40,"column":0},"end":{"line":40,"column":38}}},"fnMap":{"0":{"name":"(anonymous_0)","decl":{"start":{"line":20,"column":29},"end":{"line":20,"column":30}},"loc":{"start":{"line":20,"column":83},"end":{"line":38,"column":1}},"line":20},"1":{"name":"downloadApkFile","decl":{"start":{"line":35,"column":11},"end":{"line":35,"column":26}},"loc":{"start":{"line":35,"column":43},"end":{"line":37,"column":3}},"line":35}},"branchMap":{},"s":{"0":1,"1":1,"2":1,"3":1,"4":1,"5":1,"6":1,"7":1,"8":1,"9":1,"10":1,"11":1,"12":1,"13":1,"14":1},"f":{"0":1,"1":1},"b":{},"_coverageSchema":"1a1c01bbd47fc00a2c39e90264f33305004495a9","hash":"b3c187ed013585508076374bd87151c1c597f0a1","contentHash":"d179ecefaa1f223dfad7eebaeae0e475a20d97a4a4e74d4138d37cae50ae5f15"},"C:\\Users\\WIN 10\\Documents\\Software Project\\Pacify-BackEnd-Doaa\\Pacify-BackEnd-Doaa\\routes\\homeRequests.js":{"path":"C:\\Users\\WIN 10\\Documents\\Software Project\\Pacify-BackEnd-Doaa\\Pacify-BackEnd-Doaa\\routes\\homeRequests.js","statementMap":{"0":{"start":{"line":1,"column":16},"end":{"line":1,"column":34}},"1":{"start":{"line":2,"column":12},"end":{"line":2,"column":35}},"2":{"start":{"line":3,"column":19},"end":{"line":3,"column":41}},"3":{"start":{"line":4,"column":12},"end":{"line":4,"column":21}},"4":{"start":{"line":5,"column":11},"end":{"line":5,"column":24}},"5":{"start":{"line":6,"column":17},"end":{"line":6,"column":37}},"6":{"start":{"line":7,"column":16},"end":{"line":7,"column":57}},"7":{"start":{"line":9,"column":15},"end":{"line":9,"column":49}},"8":{"start":{"line":11,"column":0},"end":{"line":11,"column":36}},"9":{"start":{"line":12,"column":0},"end":{"line":12,"column":51}},"10":{"start":{"line":14,"column":0},"end":{"line":14,"column":57}},"11":{"start":{"line":20,"column":27},"end":{"line":118,"column":1}},"12":{"start":{"line":22,"column":2},"end":{"line":22,"column":42}},"13":{"start":{"line":35,"column":24},"end":{"line":35,"column":26}},"14":{"start":{"line":36,"column":24},"end":{"line":36,"column":72}},"15":{"start":{"line":38,"column":4},"end":{"line":38,"column":48}},"16":{"start":{"line":40,"column":4},"end":{"line":40,"column":43}},"17":{"start":{"line":42,"column":4},"end":{"line":42,"column":37}},"18":{"start":{"line":44,"column":4},"end":{"line":50,"column":6}},"19":{"start":{"line":45,"column":6},"end":{"line":47,"column":9}},"20":{"start":{"line":46,"column":8},"end":{"line":46,"column":55}},"21":{"start":{"line":49,"column":8},"end":{"line":49,"column":31}},"22":{"start":{"line":63,"column":21},"end":{"line":63,"column":23}},"23":{"start":{"line":64,"column":4},"end":{"line":68,"column":6}},"24":{"start":{"line":65,"column":4},"end":{"line":67,"column":5}},"25":{"start":{"line":66,"column":6},"end":{"line":66,"column":27}},"26":{"start":{"line":80,"column":4},"end":{"line":87,"column":7}},"27":{"start":{"line":86,"column":8},"end":{"line":86,"column":29}},"28":{"start":{"line":99,"column":21},"end":{"line":99,"column":22}},"29":{"start":{"line":100,"column":4},"end":{"line":116,"column":7}},"30":{"start":{"line":105,"column":4},"end":{"line":115,"column":7}},"31":{"start":{"line":106,"column":6},"end":{"line":106,"column":32}},"32":{"start":{"line":108,"column":6},"end":{"line":110,"column":9}},"33":{"start":{"line":109,"column":8},"end":{"line":109,"column":100}},"34":{"start":{"line":112,"column":6},"end":{"line":114,"column":9}},"35":{"start":{"line":113,"column":8},"end":{"line":113,"column":27}},"36":{"start":{"line":120,"column":0},"end":{"line":120,"column":36}}},"fnMap":{"0":{"name":"(anonymous_0)","decl":{"start":{"line":20,"column":27},"end":{"line":20,"column":28}},"loc":{"start":{"line":20,"column":81},"end":{"line":118,"column":1}},"line":20},"1":{"name":"homePlaylists","decl":{"start":{"line":34,"column":11},"end":{"line":34,"column":24}},"loc":{"start":{"line":34,"column":41},"end":{"line":51,"column":3}},"line":34},"2":{"name":"(anonymous_2)","decl":{"start":{"line":44,"column":46},"end":{"line":44,"column":47}},"loc":{"start":{"line":44,"column":60},"end":{"line":48,"column":5}},"line":44},"3":{"name":"(anonymous_3)","decl":{"start":{"line":48,"column":12},"end":{"line":48,"column":13}},"loc":{"start":{"line":48,"column":18},"end":{"line":50,"column":5}},"line":48},"4":{"name":"getThePlayist","decl":{"start":{"line":62,"column":11},"end":{"line":62,"column":24}},"loc":{"start":{"line":62,"column":40},"end":{"line":69,"column":3}},"line":62},"5":{"name":"(anonymous_5)","decl":{"start":{"line":64,"column":53},"end":{"line":64,"column":54}},"loc":{"start":{"line":64,"column":67},"end":{"line":68,"column":5}},"line":64},"6":{"name":"getHighestRatedPlaylist","decl":{"start":{"line":79,"column":11},"end":{"line":79,"column":34}},"loc":{"start":{"line":79,"column":40},"end":{"line":88,"column":3}},"line":79},"7":{"name":"(anonymous_7)","decl":{"start":{"line":85,"column":11},"end":{"line":85,"column":12}},"loc":{"start":{"line":85,"column":25},"end":{"line":87,"column":5}},"line":85},"8":{"name":"getRandomPlaylist","decl":{"start":{"line":98,"column":11},"end":{"line":98,"column":28}},"loc":{"start":{"line":98,"column":34},"end":{"line":117,"column":3}},"line":98},"9":{"name":"(anonymous_9)","decl":{"start":{"line":104,"column":11},"end":{"line":104,"column":12}},"loc":{"start":{"line":104,"column":21},"end":{"line":116,"column":5}},"line":104},"10":{"name":"(anonymous_10)","decl":{"start":{"line":105,"column":73},"end":{"line":105,"column":74}},"loc":{"start":{"line":105,"column":87},"end":{"line":111,"column":5}},"line":105},"11":{"name":"(anonymous_11)","decl":{"start":{"line":109,"column":90},"end":{"line":109,"column":91}},"loc":{"start":{"line":109,"column":96},"end":{"line":109,"column":98}},"line":109},"12":{"name":"(anonymous_12)","decl":{"start":{"line":111,"column":12},"end":{"line":111,"column":13}},"loc":{"start":{"line":111,"column":18},"end":{"line":115,"column":5}},"line":111},"13":{"name":"(anonymous_13)","decl":{"start":{"line":112,"column":52},"end":{"line":112,"column":53}},"loc":{"start":{"line":112,"column":66},"end":{"line":114,"column":7}},"line":112}},"branchMap":{},"s":{"0":1,"1":1,"2":1,"3":1,"4":1,"5":1,"6":1,"7":1,"8":1,"9":1,"10":1,"11":1,"12":1,"13":1,"14":1,"15":1,"16":1,"17":1,"18":1,"19":1,"20":1,"21":1,"22":1,"23":1,"24":1,"25":34,"26":1,"27":1,"28":1,"29":1,"30":1,"31":1,"32":1,"33":20,"34":1,"35":1,"36":1},"f":{"0":1,"1":1,"2":1,"3":1,"4":1,"5":1,"6":1,"7":1,"8":1,"9":1,"10":1,"11":20,"12":1,"13":1},"b":{},"_coverageSchema":"1a1c01bbd47fc00a2c39e90264f33305004495a9","hash":"83518d187550ff9a6ebad1759abbb1b2d87d78c7","contentHash":"3c37c83bf8b57110892d1a4bc89b9c27c61b9f74851b1670ceb947cc7d496870"},"C:\\Users\\WIN 10\\Documents\\Software Project\\Pacify-BackEnd-Doaa\\Pacify-BackEnd-Doaa\\Database Seeds\\models\\property.js":{"path":"C:\\Users\\WIN 10\\Documents\\Software Project\\Pacify-BackEnd-Doaa\\Pacify-BackEnd-Doaa\\Database Seeds\\models\\property.js","statementMap":{"0":{"start":{"line":1,"column":15},"end":{"line":1,"column":34}},"1":{"start":{"line":2,"column":13},"end":{"line":2,"column":28}},"2":{"start":{"line":4,"column":13},"end":{"line":8,"column":2}},"3":{"start":{"line":10,"column":0},"end":{"line":10,"column":52}}},"fnMap":{},"branchMap":{},"s":{"0":1,"1":1,"2":1,"3":1},"f":{},"b":{},"_coverageSchema":"1a1c01bbd47fc00a2c39e90264f33305004495a9","hash":"2cab1f09b206f6a3b7ea312259cdfa298c791dea","contentHash":"7c461fa87f56d86c8fbec3fca84861a61fade0fe64cc7801dad4344596d94da7"},"C:\\Users\\WIN 10\\Documents\\Software Project\\Pacify-BackEnd-Doaa\\Pacify-BackEnd-Doaa\\database seeds\\models\\playlist.js":{"path":"C:\\Users\\WIN 10\\Documents\\Software Project\\Pacify-BackEnd-Doaa\\Pacify-BackEnd-Doaa\\database seeds\\models\\playlist.js","statementMap":{"0":{"start":{"line":1,"column":15},"end":{"line":1,"column":34}},"1":{"start":{"line":2,"column":13},"end":{"line":2,"column":28}},"2":{"start":{"line":4,"column":13},"end":{"line":18,"column":2}},"3":{"start":{"line":20,"column":0},"end":{"line":20,"column":52}}},"fnMap":{},"branchMap":{},"s":{"0":1,"1":1,"2":1,"3":1},"f":{},"b":{},"_coverageSchema":"1a1c01bbd47fc00a2c39e90264f33305004495a9","hash":"620174aac75990a0f64952f26aa3ee0e1bbcf627","contentHash":"56cdb2dc452d965e17da54bde5ebe77b5cc7be76b6d98e7a1122088eea894dd9"}}