{"E:\\Pacify\\Final exam\\Pacify-BackEnd-master\\Database Seeds\\models\\event.js": {"path":"E:\\Pacify\\Final exam\\Pacify-BackEnd-master\\Database Seeds\\models\\event.js","statementMap":{"0":{"start":{"line":1,"column":15},"end":{"line":1,"column":34}},"1":{"start":{"line":2,"column":13},"end":{"line":2,"column":28}},"2":{"start":{"line":4,"column":13},"end":{"line":12,"column":2}},"3":{"start":{"line":14,"column":0},"end":{"line":14,"column":49}}},"fnMap":{},"branchMap":{},"s":{"0":2,"1":2,"2":2,"3":2},"f":{},"b":{},"_coverageSchema":"1a1c01bbd47fc00a2c39e90264f33305004495a9","hash":"a8e88af210165912fee85a789e68ebcee94c8802"}
,"E:\\Pacify\\Final exam\\Pacify-BackEnd-master\\Database Seeds\\models\\user.js": {"path":"E:\\Pacify\\Final exam\\Pacify-BackEnd-master\\Database Seeds\\models\\user.js","statementMap":{"0":{"start":{"line":1,"column":15},"end":{"line":1,"column":34}},"1":{"start":{"line":2,"column":13},"end":{"line":2,"column":28}},"2":{"start":{"line":4,"column":13},"end":{"line":29,"column":2}},"3":{"start":{"line":31,"column":0},"end":{"line":31,"column":48}}},"fnMap":{},"branchMap":{},"s":{"0":2,"1":2,"2":2,"3":2},"f":{},"b":{},"_coverageSchema":"1a1c01bbd47fc00a2c39e90264f33305004495a9","hash":"71b7ace520dcb997bc911a158a31ebb7dc295f4d"}
,"E:\\Pacify\\Final exam\\Pacify-BackEnd-master\\services\\eventsServices.js": {"path":"E:\\Pacify\\Final exam\\Pacify-BackEnd-master\\services\\eventsServices.js","statementMap":{"0":{"start":{"line":10,"column":12},"end":{"line":10,"column":54}},"1":{"start":{"line":23,"column":0},"end":{"line":28,"column":1}},"2":{"start":{"line":25,"column":21},"end":{"line":25,"column":45}},"3":{"start":{"line":26,"column":8},"end":{"line":26,"column":22}}},"fnMap":{"0":{"name":"(anonymous_0)","decl":{"start":{"line":23,"column":20},"end":{"line":23,"column":21}},"loc":{"start":{"line":23,"column":70},"end":{"line":28,"column":1}},"line":23}},"branchMap":{"0":{"loc":{"start":{"line":23,"column":44},"end":{"line":23,"column":68}},"type":"default-arg","locations":[{"start":{"line":23,"column":52},"end":{"line":23,"column":68}}],"line":23}},"s":{"0":2,"1":2,"2":4,"3":4},"f":{"0":4},"b":{"0":[4]},"_coverageSchema":"1a1c01bbd47fc00a2c39e90264f33305004495a9","hash":"7b2d956afedea24fe38b1decbebad1e81bf7e5ba"}
,"E:\\Pacify\\Final exam\\Pacify-BackEnd-master\\services\\userServices.js": {"path":"E:\\Pacify\\Final exam\\Pacify-BackEnd-master\\services\\userServices.js","statementMap":{"0":{"start":{"line":10,"column":11},"end":{"line":10,"column":52}},"1":{"start":{"line":21,"column":0},"end":{"line":29,"column":1}},"2":{"start":{"line":23,"column":20},"end":{"line":23,"column":43}},"3":{"start":{"line":24,"column":8},"end":{"line":24,"column":21}},"4":{"start":{"line":40,"column":0},"end":{"line":46,"column":1}},"5":{"start":{"line":42,"column":8},"end":{"line":42,"column":41}}},"fnMap":{"0":{"name":"(anonymous_0)","decl":{"start":{"line":21,"column":19},"end":{"line":21,"column":20}},"loc":{"start":{"line":21,"column":69},"end":{"line":29,"column":1}},"line":21},"1":{"name":"(anonymous_1)","decl":{"start":{"line":40,"column":21},"end":{"line":40,"column":22}},"loc":{"start":{"line":40,"column":52},"end":{"line":46,"column":1}},"line":40}},"branchMap":{"0":{"loc":{"start":{"line":21,"column":43},"end":{"line":21,"column":67}},"type":"default-arg","locations":[{"start":{"line":21,"column":51},"end":{"line":21,"column":67}}],"line":21}},"s":{"0":2,"1":2,"2":6,"3":6,"4":2,"5":2},"f":{"0":6,"1":2},"b":{"0":[6]},"_coverageSchema":"1a1c01bbd47fc00a2c39e90264f33305004495a9","hash":"c834fcf40bc7d80efa698280b7f81bce949dcd18"}
,"E:\\Pacify\\Final exam\\Pacify-BackEnd-master\\test\\db-handler.js": {"path":"E:\\Pacify\\Final exam\\Pacify-BackEnd-master\\test\\db-handler.js","statementMap":{"0":{"start":{"line":3,"column":17},"end":{"line":3,"column":36}},"1":{"start":{"line":4,"column":30},"end":{"line":4,"column":62}},"2":{"start":{"line":6,"column":15},"end":{"line":6,"column":38}},"3":{"start":{"line":11,"column":0},"end":{"line":22,"column":2}},"4":{"start":{"line":12,"column":16},"end":{"line":12,"column":50}},"5":{"start":{"line":14,"column":25},"end":{"line":19,"column":5}},"6":{"start":{"line":21,"column":4},"end":{"line":21,"column":46}},"7":{"start":{"line":27,"column":0},"end":{"line":31,"column":2}},"8":{"start":{"line":28,"column":4},"end":{"line":28,"column":45}},"9":{"start":{"line":29,"column":4},"end":{"line":29,"column":38}},"10":{"start":{"line":30,"column":4},"end":{"line":30,"column":24}},"11":{"start":{"line":36,"column":0},"end":{"line":43,"column":2}},"12":{"start":{"line":37,"column":24},"end":{"line":37,"column":55}},"13":{"start":{"line":39,"column":4},"end":{"line":42,"column":5}},"14":{"start":{"line":40,"column":27},"end":{"line":40,"column":43}},"15":{"start":{"line":41,"column":8},"end":{"line":41,"column":38}}},"fnMap":{"0":{"name":"(anonymous_0)","decl":{"start":{"line":11,"column":25},"end":{"line":11,"column":26}},"loc":{"start":{"line":11,"column":37},"end":{"line":22,"column":1}},"line":11},"1":{"name":"(anonymous_1)","decl":{"start":{"line":27,"column":31},"end":{"line":27,"column":32}},"loc":{"start":{"line":27,"column":43},"end":{"line":31,"column":1}},"line":27},"2":{"name":"(anonymous_2)","decl":{"start":{"line":36,"column":31},"end":{"line":36,"column":32}},"loc":{"start":{"line":36,"column":43},"end":{"line":43,"column":1}},"line":36}},"branchMap":{},"s":{"0":4,"1":4,"2":4,"3":4,"4":4,"5":4,"6":4,"7":4,"8":4,"9":4,"10":4,"11":4,"12":10,"13":10,"14":10,"15":10},"f":{"0":4,"1":4,"2":10},"b":{},"_coverageSchema":"1a1c01bbd47fc00a2c39e90264f33305004495a9","hash":"98ba089cfaeb5705a85489450fe6f6586c11dbf8"}
}
