TN:
SF:Database Seeds\models\event.js
FNF:0
FNH:0
DA:1,2
DA:2,2
DA:4,2
DA:14,2
LF:4
LH:4
BRF:0
BRH:0
end_of_record
TN:
SF:Database Seeds\models\user.js
FNF:0
FNH:0
DA:1,2
DA:2,2
DA:4,2
DA:31,2
LF:4
LH:4
BRF:0
BRH:0
end_of_record
TN:
SF:services\eventsServices.js
FN:23,(anonymous_0)
FNF:1
FNH:1
FNDA:4,(anonymous_0)
DA:10,2
DA:23,2
DA:25,4
DA:26,4
LF:4
LH:4
BRDA:23,0,0,4
BRF:1
BRH:1
end_of_record
TN:
SF:services\userServices.js
FN:21,(anonymous_0)
FN:40,(anonymous_1)
FNF:2
FNH:2
FNDA:6,(anonymous_0)
FNDA:2,(anonymous_1)
DA:10,2
DA:21,2
DA:23,6
DA:24,6
DA:40,2
DA:42,2
LF:6
LH:6
BRDA:21,0,0,6
BRF:1
BRH:1
end_of_record
TN:
SF:test\db-handler.js
FN:11,(anonymous_0)
FN:27,(anonymous_1)
FN:36,(anonymous_2)
FNF:3
FNH:3
FNDA:4,(anonymous_0)
FNDA:4,(anonymous_1)
FNDA:10,(anonymous_2)
DA:3,4
DA:4,4
DA:6,4
DA:11,4
DA:12,4
DA:14,4
DA:21,4
DA:27,4
DA:28,4
DA:29,4
DA:30,4
DA:36,4
DA:37,10
DA:39,10
DA:40,10
DA:41,10
LF:16
LH:16
BRF:0
BRH:0
end_of_record
